TN:
SF:src/app/app.component.ts
FN:17,(anonymous_0)
FN:24,(anonymous_1)
FN:39,(anonymous_2)
FN:76,(anonymous_3)
FNF:4
FNH:0
FNDA:0,(anonymous_0)
FNDA:0,(anonymous_1)
FNDA:0,(anonymous_2)
FNDA:0,(anonymous_3)
DA:1,1
DA:2,1
DA:3,1
DA:4,1
DA:5,1
DA:6,1
DA:14,1
DA:15,0
DA:18,0
DA:19,0
DA:20,0
DA:21,0
DA:25,0
DA:31,0
DA:33,0
DA:40,0
DA:41,0
DA:44,0
DA:45,0
DA:46,0
DA:47,0
DA:48,0
DA:49,0
DA:50,0
DA:51,0
DA:57,0
DA:58,0
DA:60,0
DA:61,0
DA:63,0
DA:65,0
DA:69,0
DA:77,0
DA:78,0
DA:79,0
DA:81,0
DA:83,0
DA:96,0
DA:98,0
DA:101,0
LF:40
LH:7
BRDA:44,0,0,0
BRDA:46,1,0,0
BRDA:49,2,0,0
BRDA:60,3,0,0
BRDA:60,3,1,0
BRDA:60,4,0,0
BRDA:60,4,1,0
BRDA:81,5,0,0
BRDA:81,6,0,0
BRDA:81,6,1,0
BRF:10
BRH:0
end_of_record
TN:
SF:src/app/app.config.ts
FNF:0
FNH:0
DA:12,0
LF:1
LH:0
BRF:0
BRH:0
end_of_record
TN:
SF:src/app/app.routes.ts
FN:13,(anonymous_0)
FN:14,(anonymous_1)
FN:19,(anonymous_2)
FN:20,(anonymous_3)
FN:26,(anonymous_4)
FN:27,(anonymous_5)
FN:33,(anonymous_6)
FN:35,(anonymous_7)
FN:41,(anonymous_8)
FN:43,(anonymous_9)
FNF:10
FNH:0
FNDA:0,(anonymous_0)
FNDA:0,(anonymous_1)
FNDA:0,(anonymous_2)
FNDA:0,(anonymous_3)
FNDA:0,(anonymous_4)
FNDA:0,(anonymous_5)
FNDA:0,(anonymous_6)
FNDA:0,(anonymous_7)
FNDA:0,(anonymous_8)
FNDA:0,(anonymous_9)
DA:5,0
DA:14,0
DA:20,0
DA:27,0
DA:34,0
DA:35,0
DA:42,0
DA:43,0
LF:8
LH:0
BRF:0
BRH:0
end_of_record
TN:
SF:src/app/debug-auth.page.ts
FN:123,(anonymous_0)
FN:130,(anonymous_1)
FN:141,(anonymous_2)
FN:144,(anonymous_3)
FN:149,(anonymous_4)
FN:152,(anonymous_5)
FN:157,(anonymous_6)
FN:160,(anonymous_7)
FN:165,(anonymous_8)
FNF:9
FNH:0
FNDA:0,(anonymous_0)
FNDA:0,(anonymous_1)
FNDA:0,(anonymous_2)
FNDA:0,(anonymous_3)
FNDA:0,(anonymous_4)
FNDA:0,(anonymous_5)
FNDA:0,(anonymous_6)
FNDA:0,(anonymous_7)
FNDA:0,(anonymous_8)
DA:113,0
DA:114,0
DA:115,0
DA:116,0
DA:117,0
DA:118,0
DA:120,0
DA:121,0
DA:124,0
DA:125,0
DA:127,0
DA:132,0
DA:133,0
DA:136,0
DA:137,0
DA:138,0
DA:142,0
DA:143,0
DA:144,0
DA:145,0
DA:146,0
DA:150,0
DA:151,0
DA:152,0
DA:153,0
DA:154,0
DA:158,0
DA:159,0
DA:160,0
DA:161,0
DA:162,0
DA:166,0
DA:167,0
DA:168,0
DA:171,0
DA:173,0
DA:174,0
DA:181,0
DA:182,0
DA:184,0
DA:185,0
LF:41
LH:0
BRDA:133,0,0,0
BRDA:133,0,1,0
BRDA:166,1,0,0
BRDA:166,2,0,0
BRDA:166,2,1,0
BRF:5
BRH:0
end_of_record
TN:
SF:src/app/core/components/error-message/error-message.component.ts
FN:46,(anonymous_0)
FN:54,(anonymous_1)
FNF:2
FNH:0
FNDA:0,(anonymous_0)
FNDA:0,(anonymous_1)
DA:46,0
DA:52,0
DA:55,0
LF:3
LH:0
BRF:0
BRH:0
end_of_record
TN:
SF:src/app/core/guards/auth.guard.ts
FN:10,(anonymous_0)
FN:15,(anonymous_1)
FN:24,(anonymous_2)
FN:27,(anonymous_3)
FN:70,(anonymous_5)
FN:75,(anonymous_6)
FN:78,(anonymous_7)
FNF:7
FNH:0
FNDA:0,(anonymous_0)
FNDA:0,(anonymous_1)
FNDA:0,(anonymous_2)
FNDA:0,(anonymous_3)
FNDA:0,(anonymous_5)
FNDA:0,(anonymous_6)
FNDA:0,(anonymous_7)
DA:9,0
DA:11,0
DA:12,0
DA:16,0
DA:18,0
DA:20,0
DA:25,0
DA:28,0
DA:30,0
DA:33,0
DA:34,0
DA:35,0
DA:36,0
DA:40,0
DA:43,0
DA:44,0
DA:48,0
DA:49,0
DA:53,0
DA:54,0
DA:55,0
DA:58,0
DA:59,0
DA:60,0
DA:61,0
DA:69,0
DA:71,0
DA:72,0
DA:76,0
DA:79,0
DA:81,0
DA:82,0
DA:86,0
DA:87,0
DA:88,0
DA:91,0
DA:92,0
DA:96,0
DA:100,0
DA:102,0
DA:104,0
DA:106,0
DA:107,0
DA:109,0
DA:110,0
DA:112,0
DA:113,0
DA:115,0
DA:119,0
DA:121,0
DA:122,0
DA:124,0
DA:125,0
DA:127,0
DA:128,0
DA:130,0
DA:134,0
DA:136,0
DA:137,0
LF:59
LH:0
BRDA:16,0,0,0
BRDA:16,0,1,0
BRDA:33,1,0,0
BRDA:33,2,0,0
BRDA:33,2,1,0
BRDA:43,3,0,0
BRDA:48,4,0,0
BRDA:81,5,0,0
BRDA:87,6,0,0
BRDA:91,7,0,0
BRDA:91,8,0,0
BRDA:91,8,1,0
BRDA:102,9,0,0
BRDA:102,9,1,0
BRDA:104,10,0,0
BRDA:104,10,1,0
BRDA:104,10,2,0
BRDA:104,10,3,0
BRDA:119,11,0,0
BRDA:119,11,1,0
BRDA:119,11,2,0
BRDA:119,11,3,0
BRF:22
BRH:0
end_of_record
TN:
SF:src/app/core/interceptors/error.interceptor.ts
FN:15,(anonymous_0)
FN:17,(anonymous_1)
FN:22,(anonymous_2)
FN:27,(anonymous_3)
FNF:4
FNH:0
FNDA:0,(anonymous_0)
FNDA:0,(anonymous_1)
FNDA:0,(anonymous_2)
FNDA:0,(anonymous_3)
DA:14,0
DA:15,0
DA:21,0
DA:23,0
DA:25,0
DA:27,0
LF:6
LH:0
BRDA:23,0,0,0
BRF:1
BRH:0
end_of_record
TN:
SF:src/app/core/services/auth.service.ts
FN:81,(anonymous_0)
FN:96,(anonymous_1)
FN:107,(anonymous_2)
FN:114,(anonymous_3)
FN:124,(anonymous_4)
FN:135,(anonymous_5)
FN:171,(anonymous_6)
FN:173,(anonymous_7)
FN:178,(anonymous_8)
FN:184,(anonymous_9)
FN:221,(anonymous_10)
FN:227,(anonymous_11)
FN:233,(anonymous_12)
FN:238,(anonymous_13)
FN:243,(anonymous_14)
FN:248,(anonymous_15)
FN:276,(anonymous_16)
FN:284,(anonymous_17)
FN:305,(anonymous_18)
FN:334,(anonymous_19)
FN:350,(anonymous_20)
FN:362,(anonymous_21)
FN:385,(anonymous_22)
FN:400,(anonymous_23)
FN:407,(anonymous_24)
FN:411,(anonymous_25)
FN:418,(anonymous_26)
FN:432,(anonymous_27)
FN:440,(anonymous_28)
FN:481,(anonymous_29)
FN:486,(anonymous_30)
FN:494,(anonymous_31)
FN:498,(anonymous_32)
FN:523,(anonymous_33)
FN:527,(anonymous_34)
FN:535,(anonymous_35)
FN:536,(anonymous_36)
FN:557,(anonymous_37)
FN:571,(anonymous_38)
FN:586,(anonymous_39)
FN:641,(anonymous_40)
FN:653,(anonymous_41)
FN:654,(anonymous_42)
FN:805,(anonymous_43)
FN:845,(anonymous_44)
FN:846,(anonymous_45)
FN:883,(anonymous_46)
FN:891,(anonymous_47)
FN:892,(anonymous_48)
FN:899,(anonymous_49)
FN:916,(anonymous_50)
FN:923,(anonymous_51)
FN:944,(anonymous_52)
FN:945,(anonymous_53)
FN:952,(anonymous_54)
FN:967,(anonymous_55)
FN:970,(anonymous_56)
FN:982,(anonymous_57)
FN:989,(anonymous_58)
FN:996,(anonymous_59)
FN:1006,(anonymous_60)
FN:1029,(anonymous_61)
FN:1035,(anonymous_62)
FN:1077,(anonymous_63)
FN:1101,(anonymous_64)
FN:1138,(anonymous_65)
FN:1142,(anonymous_66)
FN:1146,(anonymous_67)
FN:1151,(anonymous_68)
FN:1193,(anonymous_69)
FN:1201,(anonymous_70)
FN:1206,(anonymous_71)
FN:1221,(anonymous_72)
FN:1236,(anonymous_73)
FN:1243,(anonymous_74)
FN:1251,(anonymous_75)
FN:1258,(anonymous_76)
FN:1277,(anonymous_77)
FN:1282,(anonymous_78)
FN:1306,(anonymous_79)
FN:1324,(anonymous_80)
FN:1343,(anonymous_81)
FN:1344,(anonymous_82)
FN:1356,(anonymous_83)
FN:1364,(anonymous_84)
FN:1386,(anonymous_85)
FN:1397,(anonymous_86)
FN:1406,(anonymous_87)
FN:1442,(anonymous_88)
FN:1483,(anonymous_89)
FN:1522,(anonymous_90)
FN:1547,(anonymous_91)
FN:1576,(anonymous_92)
FNF:93
FNH:11
FNDA:1,(anonymous_0)
FNDA:1,(anonymous_1)
FNDA:0,(anonymous_2)
FNDA:0,(anonymous_3)
FNDA:0,(anonymous_4)
FNDA:1,(anonymous_5)
FNDA:1,(anonymous_6)
FNDA:0,(anonymous_7)
FNDA:0,(anonymous_8)
FNDA:0,(anonymous_9)
FNDA:0,(anonymous_10)
FNDA:0,(anonymous_11)
FNDA:1,(anonymous_12)
FNDA:1,(anonymous_13)
FNDA:0,(anonymous_14)
FNDA:0,(anonymous_15)
FNDA:0,(anonymous_16)
FNDA:0,(anonymous_17)
FNDA:0,(anonymous_18)
FNDA:0,(anonymous_19)
FNDA:0,(anonymous_20)
FNDA:0,(anonymous_21)
FNDA:0,(anonymous_22)
FNDA:0,(anonymous_23)
FNDA:0,(anonymous_24)
FNDA:0,(anonymous_25)
FNDA:1,(anonymous_26)
FNDA:0,(anonymous_27)
FNDA:1,(anonymous_28)
FNDA:0,(anonymous_29)
FNDA:0,(anonymous_30)
FNDA:0,(anonymous_31)
FNDA:0,(anonymous_32)
FNDA:0,(anonymous_33)
FNDA:0,(anonymous_34)
FNDA:0,(anonymous_35)
FNDA:0,(anonymous_36)
FNDA:0,(anonymous_37)
FNDA:0,(anonymous_38)
FNDA:0,(anonymous_39)
FNDA:0,(anonymous_40)
FNDA:0,(anonymous_41)
FNDA:0,(anonymous_42)
FNDA:0,(anonymous_43)
FNDA:0,(anonymous_44)
FNDA:0,(anonymous_45)
FNDA:1,(anonymous_46)
FNDA:1,(anonymous_47)
FNDA:1,(anonymous_48)
FNDA:0,(anonymous_49)
FNDA:0,(anonymous_50)
FNDA:0,(anonymous_51)
FNDA:0,(anonymous_52)
FNDA:0,(anonymous_53)
FNDA:0,(anonymous_54)
FNDA:0,(anonymous_55)
FNDA:0,(anonymous_56)
FNDA:0,(anonymous_57)
FNDA:0,(anonymous_58)
FNDA:0,(anonymous_59)
FNDA:0,(anonymous_60)
FNDA:0,(anonymous_61)
FNDA:0,(anonymous_62)
FNDA:0,(anonymous_63)
FNDA:0,(anonymous_64)
FNDA:0,(anonymous_65)
FNDA:0,(anonymous_66)
FNDA:0,(anonymous_67)
FNDA:0,(anonymous_68)
FNDA:0,(anonymous_69)
FNDA:0,(anonymous_70)
FNDA:0,(anonymous_71)
FNDA:0,(anonymous_72)
FNDA:0,(anonymous_73)
FNDA:0,(anonymous_74)
FNDA:0,(anonymous_75)
FNDA:0,(anonymous_76)
FNDA:0,(anonymous_77)
FNDA:0,(anonymous_78)
FNDA:0,(anonymous_79)
FNDA:0,(anonymous_80)
FNDA:0,(anonymous_81)
FNDA:0,(anonymous_82)
FNDA:0,(anonymous_83)
FNDA:0,(anonymous_84)
FNDA:0,(anonymous_85)
FNDA:0,(anonymous_86)
FNDA:0,(anonymous_87)
FNDA:0,(anonymous_88)
FNDA:0,(anonymous_89)
FNDA:0,(anonymous_90)
FNDA:0,(anonymous_91)
FNDA:0,(anonymous_92)
DA:1,11
DA:2,11
DA:3,11
DA:4,11
DA:5,11
DA:11,11
DA:16,11
DA:24,11
DA:25,11
DA:55,11
DA:56,11
DA:57,11
DA:62,11
DA:65,1
DA:68,1
DA:69,1
DA:73,1
DA:74,1
DA:75,1
DA:76,1
DA:77,1
DA:78,1
DA:79,1
DA:82,1
DA:83,1
DA:86,1
DA:88,1
DA:89,1
DA:92,1
DA:97,1
DA:98,0
DA:100,1
DA:101,1
DA:103,1
DA:108,0
DA:109,0
DA:110,0
DA:111,0
DA:114,0
DA:115,0
DA:116,0
DA:119,0
DA:125,0
DA:126,0
DA:128,0
DA:129,0
DA:131,0
DA:136,1
DA:138,1
DA:140,1
DA:142,1
DA:143,1
DA:144,1
DA:148,1
DA:150,1
DA:151,1
DA:153,0
DA:157,1
DA:160,1
DA:162,1
DA:163,1
DA:166,0
DA:167,0
DA:173,1
DA:174,0
DA:179,0
DA:180,0
DA:182,0
DA:184,0
DA:185,0
DA:186,0
DA:198,0
DA:199,0
DA:205,0
DA:208,0
DA:209,0
DA:213,0
DA:214,0
DA:215,0
DA:222,0
DA:223,0
DA:228,0
DA:229,0
DA:234,1
DA:240,1
DA:243,1
DA:244,0
DA:249,0
DA:250,0
DA:251,0
DA:252,0
DA:253,0
DA:256,0
DA:259,0
DA:261,0
DA:263,0
DA:264,0
DA:265,0
DA:267,0
DA:269,0
DA:270,0
DA:273,0
DA:276,0
DA:277,0
DA:286,0
DA:288,0
DA:289,0
DA:292,0
DA:293,0
DA:294,0
DA:295,0
DA:296,0
DA:297,0
DA:298,0
DA:299,0
DA:307,0
DA:308,0
DA:311,0
DA:317,0
DA:320,0
DA:321,0
DA:324,0
DA:325,0
DA:326,0
DA:328,0
DA:331,0
DA:336,0
DA:339,0
DA:342,0
DA:343,0
DA:346,0
DA:352,0
DA:355,0
DA:359,0
DA:364,0
DA:367,0
DA:368,0
DA:369,0
DA:370,0
DA:372,0
DA:374,0
DA:380,0
DA:381,0
DA:382,0
DA:385,0
DA:386,0
DA:387,0
DA:388,0
DA:389,0
DA:396,0
DA:401,0
DA:402,0
DA:403,0
DA:406,0
DA:407,0
DA:410,0
DA:411,0
DA:412,0
DA:413,0
DA:419,1
DA:420,1
DA:421,1
DA:422,0
DA:423,0
DA:425,1
DA:428,0
DA:433,0
DA:434,0
DA:436,0
DA:437,0
DA:441,1
DA:442,1
DA:444,0
DA:445,0
DA:446,0
DA:448,0
DA:449,0
DA:450,0
DA:454,0
DA:455,0
DA:459,0
DA:460,0
DA:473,0
DA:475,0
DA:476,0
DA:477,0
DA:482,0
DA:483,0
DA:486,0
DA:487,0
DA:488,0
DA:489,0
DA:495,0
DA:499,0
DA:501,0
DA:502,0
DA:509,0
DA:510,0
DA:511,0
DA:512,0
DA:513,0
DA:520,0
DA:524,0
DA:528,0
DA:529,0
DA:531,0
DA:536,0
DA:538,0
DA:539,0
DA:540,0
DA:541,0
DA:542,0
DA:543,0
DA:547,0
DA:548,0
DA:549,0
DA:550,0
DA:551,0
DA:555,0
DA:556,0
DA:557,0
DA:558,0
DA:559,0
DA:560,0
DA:561,0
DA:562,0
DA:563,0
DA:564,0
DA:565,0
DA:571,0
DA:572,0
DA:573,0
DA:574,0
DA:575,0
DA:578,0
DA:582,0
DA:587,0
DA:588,0
DA:591,0
DA:597,0
DA:598,0
DA:599,0
DA:600,0
DA:612,0
DA:613,0
DA:614,0
DA:615,0
DA:616,0
DA:619,0
DA:620,0
DA:632,0
DA:633,0
DA:634,0
DA:636,0
DA:637,0
DA:642,0
DA:643,0
DA:644,0
DA:647,0
DA:649,0
DA:652,0
DA:653,0
DA:654,0
DA:658,0
DA:659,0
DA:660,0
DA:661,0
DA:663,0
DA:664,0
DA:666,0
DA:667,0
DA:671,0
DA:673,0
DA:674,0
DA:675,0
DA:680,0
DA:682,0
DA:683,0
DA:686,0
DA:687,0
DA:688,0
DA:689,0
DA:690,0
DA:692,0
DA:705,0
DA:708,0
DA:710,0
DA:711,0
DA:712,0
DA:715,0
DA:716,0
DA:717,0
DA:730,0
DA:732,0
DA:733,0
DA:734,0
DA:736,0
DA:739,0
DA:740,0
DA:741,0
DA:742,0
DA:743,0
DA:745,0
DA:757,0
DA:758,0
DA:760,0
DA:761,0
DA:762,0
DA:765,0
DA:766,0
DA:768,0
DA:769,0
DA:770,0
DA:771,0
DA:772,0
DA:774,0
DA:786,0
DA:787,0
DA:789,0
DA:790,0
DA:791,0
DA:794,0
DA:795,0
DA:796,0
DA:799,0
DA:800,0
DA:801,0
DA:807,0
DA:808,0
DA:809,0
DA:810,0
DA:813,0
DA:814,0
DA:815,0
DA:816,0
DA:818,0
DA:819,0
DA:821,0
DA:822,0
DA:824,0
DA:825,0
DA:827,0
DA:828,0
DA:832,0
DA:845,0
DA:846,0
DA:848,0
DA:849,0
DA:852,0
DA:853,0
DA:856,0
DA:866,0
DA:868,0
DA:871,0
DA:872,0
DA:873,0
DA:874,0
DA:876,0
DA:877,0
DA:878,0
DA:884,1
DA:885,1
DA:887,0
DA:892,1
DA:893,1
DA:901,0
DA:913,0
DA:914,0
DA:917,0
DA:918,0
DA:925,0
DA:926,0
DA:927,0
DA:928,0
DA:931,0
DA:944,0
DA:945,0
DA:946,0
DA:947,0
DA:953,0
DA:956,0
DA:957,0
DA:958,0
DA:961,0
DA:963,0
DA:966,0
DA:968,0
DA:971,0
DA:975,0
DA:978,0
DA:983,0
DA:984,0
DA:985,0
DA:990,0
DA:992,0
DA:993,0
DA:995,0
DA:996,0
DA:997,0
DA:1001,0
DA:1007,0
DA:1009,0
DA:1010,0
DA:1011,0
DA:1013,0
DA:1014,0
DA:1015,0
DA:1016,0
DA:1017,0
DA:1020,0
DA:1021,0
DA:1022,0
DA:1025,0
DA:1026,0
DA:1029,0
DA:1032,0
DA:1035,0
DA:1036,0
DA:1037,0
DA:1038,0
DA:1040,0
DA:1041,0
DA:1042,0
DA:1043,0
DA:1045,0
DA:1046,0
DA:1047,0
DA:1052,0
DA:1053,0
DA:1056,0
DA:1057,0
DA:1058,0
DA:1060,0
DA:1063,0
DA:1065,0
DA:1066,0
DA:1071,0
DA:1072,0
DA:1078,0
DA:1079,0
DA:1080,0
DA:1081,0
DA:1087,0
DA:1088,0
DA:1089,0
DA:1092,0
DA:1095,0
DA:1102,0
DA:1103,0
DA:1104,0
DA:1107,0
DA:1108,0
DA:1110,0
DA:1120,0
DA:1121,0
DA:1122,0
DA:1125,0
DA:1128,0
DA:1130,0
DA:1133,0
DA:1134,0
DA:1139,0
DA:1143,0
DA:1147,0
DA:1152,0
DA:1153,0
DA:1155,0
DA:1157,0
DA:1158,0
DA:1161,0
DA:1162,0
DA:1163,0
DA:1164,0
DA:1165,0
DA:1169,0
DA:1170,0
DA:1171,0
DA:1172,0
DA:1174,0
DA:1175,0
DA:1176,0
DA:1180,0
DA:1181,0
DA:1184,0
DA:1185,0
DA:1186,0
DA:1187,0
DA:1188,0
DA:1194,0
DA:1195,0
DA:1197,0
DA:1202,0
DA:1203,0
DA:1207,0
DA:1208,0
DA:1210,0
DA:1212,0
DA:1214,0
DA:1216,0
DA:1222,0
DA:1223,0
DA:1225,0
DA:1227,0
DA:1229,0
DA:1231,0
DA:1237,0
DA:1239,0
DA:1244,0
DA:1245,0
DA:1246,0
DA:1247,0
DA:1252,0
DA:1253,0
DA:1254,0
DA:1259,0
DA:1260,0
DA:1263,0
DA:1279,0
DA:1282,0
DA:1283,0
DA:1292,0
DA:1297,0
DA:1300,0
DA:1308,0
DA:1309,0
DA:1312,0
DA:1315,0
DA:1316,0
DA:1317,0
DA:1325,0
DA:1328,0
DA:1329,0
DA:1330,0
DA:1333,0
DA:1335,0
DA:1341,0
DA:1342,0
DA:1343,0
DA:1344,0
DA:1345,0
DA:1346,0
DA:1356,0
DA:1358,0
DA:1365,0
DA:1367,0
DA:1369,0
DA:1370,0
DA:1373,0
DA:1376,0
DA:1377,0
DA:1378,0
DA:1382,0
DA:1383,0
DA:1386,0
DA:1388,0
DA:1390,0
DA:1398,0
DA:1407,0
DA:1409,0
DA:1410,0
DA:1411,0
DA:1412,0
DA:1414,0
DA:1415,0
DA:1416,0
DA:1420,0
DA:1425,0
DA:1426,0
DA:1427,0
DA:1430,0
DA:1433,0
DA:1434,0
DA:1443,0
DA:1444,0
DA:1447,0
DA:1448,0
DA:1449,0
DA:1451,0
DA:1452,0
DA:1460,0
DA:1472,0
DA:1473,0
DA:1476,0
DA:1484,0
DA:1486,0
DA:1489,0
DA:1490,0
DA:1491,0
DA:1494,0
DA:1495,0
DA:1499,0
DA:1500,0
DA:1503,0
DA:1504,0
DA:1505,0
DA:1509,0
DA:1521,0
DA:1522,0
DA:1523,0
DA:1528,0
DA:1531,0
DA:1534,0
DA:1537,0
DA:1539,0
DA:1542,0
DA:1548,0
DA:1549,0
DA:1550,0
DA:1553,0
DA:1554,0
DA:1556,0
DA:1564,0
DA:1565,0
DA:1566,0
DA:1569,0
DA:1572,0
DA:1573,0
DA:1574,0
DA:1576,0
DA:1577,0
DA:1578,0
DA:1582,0
DA:1584,0
DA:1585,0
LF:624
LH:60
BRDA:97,0,0,0
BRDA:100,1,0,1
BRDA:136,2,0,0
BRDA:143,3,0,1
BRDA:150,4,0,1
BRDA:150,4,1,0
BRDA:179,5,0,0
BRDA:179,5,1,0
BRDA:185,6,0,0
BRDA:213,7,0,0
BRDA:213,8,0,0
BRDA:213,8,1,0
BRDA:249,9,0,0
BRDA:249,10,0,0
BRDA:249,10,1,0
BRDA:251,11,0,0
BRDA:256,12,0,0
BRDA:261,13,0,0
BRDA:261,13,1,0
BRDA:286,14,0,0
BRDA:286,15,0,0
BRDA:286,15,1,0
BRDA:292,16,0,0
BRDA:292,16,1,0
BRDA:292,17,0,0
BRDA:292,17,1,0
BRDA:297,18,0,0
BRDA:297,19,0,0
BRDA:297,19,1,0
BRDA:311,20,0,0
BRDA:311,20,1,0
BRDA:311,20,2,0
BRDA:311,20,3,0
BRDA:324,21,0,0
BRDA:324,21,1,0
BRDA:324,22,0,0
BRDA:324,22,1,0
BRDA:324,22,2,0
BRDA:342,23,0,0
BRDA:364,24,0,0
BRDA:368,25,0,0
BRDA:388,26,0,0
BRDA:412,27,0,0
BRDA:412,28,0,0
BRDA:412,28,1,0
BRDA:421,29,0,0
BRDA:421,29,1,1
BRDA:421,30,0,1
BRDA:421,30,1,0
BRDA:434,31,0,0
BRDA:442,32,0,1
BRDA:448,33,0,0
BRDA:448,34,0,0
BRDA:448,34,1,0
BRDA:454,35,0,0
BRDA:454,36,0,0
BRDA:454,36,1,0
BRDA:454,36,2,0
BRDA:459,37,0,0
BRDA:459,38,0,0
BRDA:459,38,1,0
BRDA:459,38,2,0
BRDA:463,39,0,0
BRDA:463,39,1,0
BRDA:464,40,0,0
BRDA:464,40,1,0
BRDA:466,41,0,0
BRDA:466,41,1,0
BRDA:467,42,0,0
BRDA:467,42,1,0
BRDA:468,43,0,0
BRDA:468,43,1,0
BRDA:482,44,0,0
BRDA:488,45,0,0
BRDA:488,46,0,0
BRDA:488,46,1,0
BRDA:501,47,0,0
BRDA:501,48,0,0
BRDA:501,48,1,0
BRDA:509,49,0,0
BRDA:509,49,1,0
BRDA:510,50,0,0
BRDA:528,51,0,0
BRDA:528,51,1,0
BRDA:539,52,0,0
BRDA:539,53,0,0
BRDA:539,53,1,0
BRDA:548,54,0,0
BRDA:548,55,0,0
BRDA:548,55,1,0
BRDA:555,56,0,0
BRDA:558,57,0,0
BRDA:561,58,0,0
BRDA:561,59,0,0
BRDA:561,59,1,0
BRDA:573,60,0,0
BRDA:597,61,0,0
BRDA:599,62,0,0
BRDA:599,62,1,0
BRDA:604,63,0,0
BRDA:604,63,1,0
BRDA:605,64,0,0
BRDA:605,64,1,0
BRDA:606,65,0,0
BRDA:606,65,1,0
BRDA:606,65,2,0
BRDA:607,66,0,0
BRDA:607,66,1,0
BRDA:608,67,0,0
BRDA:608,67,1,0
BRDA:671,68,0,0
BRDA:671,68,1,0
BRDA:671,69,0,0
BRDA:671,69,1,0
BRDA:682,70,0,0
BRDA:686,71,0,0
BRDA:686,71,1,0
BRDA:687,72,0,0
BRDA:687,72,1,0
BRDA:687,73,0,0
BRDA:687,73,1,0
BRDA:688,74,0,0
BRDA:688,74,1,0
BRDA:689,75,0,0
BRDA:689,75,1,0
BRDA:690,76,0,0
BRDA:690,76,1,0
BRDA:696,77,0,0
BRDA:696,77,1,0
BRDA:716,78,0,0
BRDA:716,78,1,0
BRDA:739,79,0,0
BRDA:739,79,1,0
BRDA:740,80,0,0
BRDA:740,80,1,0
BRDA:740,81,0,0
BRDA:740,81,1,0
BRDA:741,82,0,0
BRDA:741,82,1,0
BRDA:742,83,0,0
BRDA:742,83,1,0
BRDA:743,84,0,0
BRDA:743,84,1,0
BRDA:749,85,0,0
BRDA:749,85,1,0
BRDA:768,86,0,0
BRDA:768,86,1,0
BRDA:769,87,0,0
BRDA:769,87,1,0
BRDA:769,88,0,0
BRDA:769,88,1,0
BRDA:770,89,0,0
BRDA:770,89,1,0
BRDA:771,90,0,0
BRDA:771,90,1,0
BRDA:772,91,0,0
BRDA:772,91,1,0
BRDA:778,92,0,0
BRDA:778,92,1,0
BRDA:818,93,0,0
BRDA:818,94,0,0
BRDA:818,94,1,0
BRDA:821,95,0,0
BRDA:824,96,0,0
BRDA:827,97,0,0
BRDA:884,98,0,1
BRDA:884,98,1,0
BRDA:895,99,0,1
BRDA:895,99,1,1
BRDA:904,100,0,0
BRDA:904,100,1,0
BRDA:907,101,0,0
BRDA:907,101,1,0
BRDA:926,102,0,0
BRDA:926,102,1,0
BRDA:937,103,0,0
BRDA:937,103,1,0
BRDA:956,104,0,0
BRDA:961,105,0,0
BRDA:961,105,1,0
BRDA:995,106,0,0
BRDA:1009,107,0,0
BRDA:1009,107,1,0
BRDA:1013,108,0,0
BRDA:1013,109,0,0
BRDA:1013,109,1,0
BRDA:1045,110,0,0
BRDA:1057,111,0,0
BRDA:1057,111,1,0
BRDA:1065,112,0,0
BRDA:1079,113,0,0
BRDA:1079,114,0,0
BRDA:1079,114,1,0
BRDA:1087,115,0,0
BRDA:1087,116,0,0
BRDA:1087,116,1,0
BRDA:1102,117,0,0
BRDA:1120,118,0,0
BRDA:1147,119,0,0
BRDA:1147,119,1,0
BRDA:1155,120,0,0
BRDA:1155,120,1,0
BRDA:1161,121,0,0
BRDA:1171,122,0,0
BRDA:1186,123,0,0
BRDA:1186,123,1,0
BRDA:1195,124,0,0
BRDA:1203,125,0,0
BRDA:1203,125,1,0
BRDA:1203,125,2,0
BRDA:1208,126,0,0
BRDA:1208,126,1,0
BRDA:1208,126,2,0
BRDA:1208,126,3,0
BRDA:1223,127,0,0
BRDA:1223,127,1,0
BRDA:1223,127,2,0
BRDA:1223,127,3,0
BRDA:1239,128,0,0
BRDA:1239,128,1,0
BRDA:1245,129,0,0
BRDA:1246,130,0,0
BRDA:1260,131,0,0
BRDA:1283,132,0,0
BRDA:1283,133,0,0
BRDA:1283,133,1,0
BRDA:1283,133,2,0
BRDA:1283,133,3,0
BRDA:1283,133,4,0
BRDA:1283,133,5,0
BRDA:1283,133,6,0
BRDA:1283,133,7,0
BRDA:1283,133,8,0
BRDA:1315,134,0,0
BRDA:1342,135,0,0
BRDA:1345,136,0,0
BRDA:1345,137,0,0
BRDA:1345,137,1,0
BRDA:1376,138,0,0
BRDA:1414,139,0,0
BRDA:1414,140,0,0
BRDA:1414,140,1,0
BRDA:1425,141,0,0
BRDA:1443,142,0,0
BRDA:1451,143,0,0
BRDA:1451,144,0,0
BRDA:1451,144,1,0
BRDA:1491,145,0,0
BRDA:1491,145,1,0
BRDA:1494,146,0,0
BRDA:1495,147,0,0
BRDA:1495,147,1,0
BRDA:1499,148,0,0
BRDA:1500,149,0,0
BRDA:1500,149,1,0
BRDA:1503,150,0,0
BRDA:1521,151,0,0
BRDA:1537,152,0,0
BRDA:1537,153,0,0
BRDA:1537,153,1,0
BRDA:1547,154,0,0
BRDA:1548,155,0,0
BRDA:1564,156,0,0
BRDA:1573,157,0,0
BRF:264
BRH:9
end_of_record
TN:
SF:src/app/core/services/cross-platform-storage.service.ts
FN:13,(anonymous_0)
FN:19,(anonymous_1)
FN:35,(anonymous_2)
FN:56,(anonymous_3)
FN:67,(anonymous_4)
FN:78,(anonymous_5)
FN:90,(anonymous_6)
FN:98,(anonymous_7)
FN:111,(anonymous_8)
FN:112,(anonymous_9)
FN:122,(anonymous_10)
FN:123,(anonymous_11)
FNF:12
FNH:2
FNDA:21,(anonymous_0)
FNDA:0,(anonymous_1)
FNDA:105,(anonymous_2)
FNDA:0,(anonymous_3)
FNDA:0,(anonymous_4)
FNDA:0,(anonymous_5)
FNDA:0,(anonymous_6)
FNDA:0,(anonymous_7)
FNDA:0,(anonymous_8)
FNDA:0,(anonymous_9)
FNDA:0,(anonymous_10)
FNDA:0,(anonymous_11)
DA:1,12
DA:2,12
DA:3,12
DA:13,12
DA:14,21
DA:20,0
DA:22,0
DA:23,0
DA:28,0
DA:36,105
DA:39,105
DA:40,0
DA:41,0
DA:43,105
DA:46,105
DA:48,0
DA:49,0
DA:57,0
DA:58,0
DA:60,0
DA:68,0
DA:69,0
DA:71,0
DA:79,0
DA:80,0
DA:81,0
DA:83,0
DA:91,0
DA:92,0
DA:99,0
DA:101,0
DA:102,0
DA:105,0
DA:112,0
DA:113,0
DA:116,0
DA:123,0
DA:124,0
LF:38
LH:9
BRDA:22,0,0,0
BRDA:22,0,1,0
BRDA:39,1,0,0
BRDA:39,1,1,105
BRDA:46,2,0,0
BRDA:46,2,1,105
BRDA:57,3,0,0
BRDA:57,3,1,0
BRDA:68,4,0,0
BRDA:68,4,1,0
BRDA:79,5,0,0
BRDA:79,5,1,0
BRF:12
BRH:2
end_of_record
TN:
SF:src/app/core/services/deep-link.service.ts
FN:17,(anonymous_0)
FN:27,(anonymous_1)
FN:36,(anonymous_2)
FN:41,(anonymous_3)
FN:53,(anonymous_4)
FN:69,(anonymous_5)
FN:104,(anonymous_6)
FN:111,(anonymous_7)
FN:114,(anonymous_8)
FN:166,(anonymous_9)
FNF:10
FNH:0
FNDA:0,(anonymous_0)
FNDA:0,(anonymous_1)
FNDA:0,(anonymous_2)
FNDA:0,(anonymous_3)
FNDA:0,(anonymous_4)
FNDA:0,(anonymous_5)
FNDA:0,(anonymous_6)
FNDA:0,(anonymous_7)
FNDA:0,(anonymous_8)
FNDA:0,(anonymous_9)
DA:1,1
DA:2,1
DA:3,1
DA:4,1
DA:5,1
DA:14,1
DA:15,0
DA:18,0
DA:19,0
DA:21,0
DA:28,0
DA:29,0
DA:30,0
DA:33,0
DA:36,0
DA:37,0
DA:41,0
DA:42,0
DA:43,0
DA:47,0
DA:54,0
DA:55,0
DA:56,0
DA:57,0
DA:58,0
DA:62,0
DA:70,0
DA:71,0
DA:74,0
DA:75,0
DA:77,0
DA:78,0
DA:80,0
DA:82,0
DA:84,0
DA:89,0
DA:93,0
DA:95,0
DA:105,0
DA:112,0
DA:114,0
DA:117,0
DA:118,0
DA:120,0
DA:122,0
DA:124,0
DA:126,0
DA:127,0
DA:129,0
DA:130,0
DA:132,0
DA:133,0
DA:135,0
DA:139,0
DA:141,0
DA:142,0
DA:144,0
DA:145,0
DA:147,0
DA:148,0
DA:150,0
DA:155,0
DA:158,0
DA:159,0
DA:167,0
LF:65
LH:6
BRDA:28,0,0,0
BRDA:56,1,0,0
BRDA:56,2,0,0
BRDA:56,2,1,0
BRDA:74,3,0,0
BRDA:74,3,1,0
BRDA:77,4,0,0
BRDA:77,4,1,0
BRDA:105,5,0,0
BRDA:105,5,1,0
BRDA:120,6,0,0
BRDA:120,6,1,0
BRDA:120,7,0,0
BRDA:120,7,1,0
BRDA:122,8,0,0
BRDA:122,8,1,0
BRDA:124,9,0,0
BRDA:124,9,1,0
BRDA:124,9,2,0
BRDA:124,9,3,0
BRDA:139,10,0,0
BRDA:139,10,1,0
BRDA:139,10,2,0
BRDA:139,10,3,0
BRF:24
BRH:0
end_of_record
TN:
SF:src/app/core/services/group-admin-auth.service.ts
FN:19,(anonymous_0)
FN:26,(anonymous_1)
FN:35,(anonymous_2)
FN:39,(anonymous_3)
FN:41,(anonymous_4)
FN:57,(anonymous_5)
FN:64,(anonymous_6)
FNF:7
FNH:0
FNDA:0,(anonymous_0)
FNDA:0,(anonymous_1)
FNDA:0,(anonymous_2)
FNDA:0,(anonymous_3)
FNDA:0,(anonymous_4)
FNDA:0,(anonymous_5)
FNDA:0,(anonymous_6)
DA:15,0
DA:19,0
DA:20,0
DA:23,0
DA:27,0
DA:28,0
DA:29,0
DA:31,0
DA:36,0
DA:41,0
DA:43,0
DA:50,0
DA:51,0
DA:52,0
DA:53,0
DA:58,0
DA:59,0
DA:60,0
DA:61,0
DA:65,0
LF:20
LH:0
BRDA:29,0,0,0
BRDA:29,0,1,0
BRF:2
BRH:0
end_of_record
TN:
SF:src/app/core/services/group.service.ts
FN:97,(anonymous_0)
FN:104,(anonymous_1)
FN:110,(anonymous_2)
FN:124,(anonymous_3)
FN:133,(anonymous_4)
FN:164,(anonymous_5)
FN:180,(anonymous_6)
FN:195,(anonymous_7)
FN:200,(anonymous_8)
FN:212,(anonymous_9)
FN:215,(anonymous_10)
FN:227,(anonymous_11)
FN:235,(anonymous_12)
FN:236,(anonymous_13)
FN:244,(anonymous_14)
FN:253,(anonymous_15)
FN:254,(anonymous_16)
FN:263,(anonymous_17)
FN:272,(anonymous_18)
FN:290,(anonymous_19)
FN:296,(anonymous_20)
FN:302,(anonymous_21)
FN:324,(anonymous_22)
FN:339,(anonymous_23)
FN:350,(anonymous_24)
FN:351,(anonymous_25)
FN:408,(anonymous_26)
FN:409,(anonymous_27)
FN:414,(anonymous_28)
FN:466,(anonymous_29)
FN:467,(anonymous_30)
FN:483,(anonymous_31)
FN:490,(anonymous_32)
FN:508,(anonymous_33)
FN:509,(anonymous_34)
FN:517,(anonymous_35)
FN:518,(anonymous_36)
FN:532,(anonymous_37)
FN:536,(anonymous_38)
FN:540,(anonymous_39)
FN:558,(anonymous_40)
FN:559,(anonymous_41)
FN:566,(anonymous_42)
FN:583,(anonymous_43)
FN:587,(anonymous_44)
FN:590,(anonymous_45)
FN:602,(anonymous_46)
FN:606,(anonymous_47)
FN:610,(anonymous_48)
FN:621,(anonymous_49)
FN:629,(anonymous_50)
FN:638,(anonymous_51)
FN:682,(anonymous_52)
FN:721,(anonymous_53)
FN:735,(anonymous_54)
FNF:55
FNH:0
FNDA:0,(anonymous_0)
FNDA:0,(anonymous_1)
FNDA:0,(anonymous_2)
FNDA:0,(anonymous_3)
FNDA:0,(anonymous_4)
FNDA:0,(anonymous_5)
FNDA:0,(anonymous_6)
FNDA:0,(anonymous_7)
FNDA:0,(anonymous_8)
FNDA:0,(anonymous_9)
FNDA:0,(anonymous_10)
FNDA:0,(anonymous_11)
FNDA:0,(anonymous_12)
FNDA:0,(anonymous_13)
FNDA:0,(anonymous_14)
FNDA:0,(anonymous_15)
FNDA:0,(anonymous_16)
FNDA:0,(anonymous_17)
FNDA:0,(anonymous_18)
FNDA:0,(anonymous_19)
FNDA:0,(anonymous_20)
FNDA:0,(anonymous_21)
FNDA:0,(anonymous_22)
FNDA:0,(anonymous_23)
FNDA:0,(anonymous_24)
FNDA:0,(anonymous_25)
FNDA:0,(anonymous_26)
FNDA:0,(anonymous_27)
FNDA:0,(anonymous_28)
FNDA:0,(anonymous_29)
FNDA:0,(anonymous_30)
FNDA:0,(anonymous_31)
FNDA:0,(anonymous_32)
FNDA:0,(anonymous_33)
FNDA:0,(anonymous_34)
FNDA:0,(anonymous_35)
FNDA:0,(anonymous_36)
FNDA:0,(anonymous_37)
FNDA:0,(anonymous_38)
FNDA:0,(anonymous_39)
FNDA:0,(anonymous_40)
FNDA:0,(anonymous_41)
FNDA:0,(anonymous_42)
FNDA:0,(anonymous_43)
FNDA:0,(anonymous_44)
FNDA:0,(anonymous_45)
FNDA:0,(anonymous_46)
FNDA:0,(anonymous_47)
FNDA:0,(anonymous_48)
FNDA:0,(anonymous_49)
FNDA:0,(anonymous_50)
FNDA:0,(anonymous_51)
FNDA:0,(anonymous_52)
FNDA:0,(anonymous_53)
FNDA:0,(anonymous_54)
DA:87,0
DA:88,0
DA:89,0
DA:90,0
DA:92,0
DA:94,0
DA:95,0
DA:97,0
DA:101,0
DA:104,0
DA:106,0
DA:112,0
DA:114,0
DA:117,0
DA:126,0
DA:127,0
DA:134,0
DA:135,0
DA:142,0
DA:145,0
DA:146,0
DA:148,0
DA:150,0
DA:151,0
DA:153,0
DA:156,0
DA:165,0
DA:167,0
DA:169,0
DA:172,0
DA:174,0
DA:181,0
DA:183,0
DA:185,0
DA:192,0
DA:196,0
DA:197,0
DA:201,0
DA:203,0
DA:205,0
DA:208,0
DA:209,0
DA:212,0
DA:215,0
DA:221,0
DA:222,0
DA:228,0
DA:229,0
DA:231,0
DA:234,0
DA:235,0
DA:236,0
DA:240,0
DA:245,0
DA:247,0
DA:249,0
DA:252,0
DA:253,0
DA:254,0
DA:255,0
DA:260,0
DA:264,0
DA:266,0
DA:267,0
DA:268,0
DA:271,0
DA:272,0
DA:274,0
DA:276,0
DA:279,0
DA:283,0
DA:287,0
DA:292,0
DA:296,0
DA:299,0
DA:305,0
DA:316,0
DA:318,0
DA:321,0
DA:324,0
DA:327,0
DA:329,0
DA:332,0
DA:339,0
DA:350,0
DA:351,0
DA:356,0
DA:358,0
DA:368,0
DA:369,0
DA:372,0
DA:373,0
DA:378,0
DA:392,0
DA:393,0
DA:397,0
DA:400,0
DA:401,0
DA:402,0
DA:405,0
DA:409,0
DA:410,0
DA:411,0
DA:415,0
DA:416,0
DA:419,0
DA:430,0
DA:455,0
DA:458,0
DA:462,0
DA:467,0
DA:468,0
DA:471,0
DA:472,0
DA:474,0
DA:475,0
DA:476,0
DA:479,0
DA:484,0
DA:487,0
DA:488,0
DA:490,0
DA:491,0
DA:492,0
DA:494,0
DA:508,0
DA:509,0
DA:518,0
DA:533,0
DA:534,0
DA:536,0
DA:537,0
DA:538,0
DA:539,0
DA:540,0
DA:543,0
DA:559,0
DA:560,0
DA:562,0
DA:563,0
DA:564,0
DA:565,0
DA:566,0
DA:569,0
DA:584,0
DA:585,0
DA:587,0
DA:588,0
DA:589,0
DA:590,0
DA:593,0
DA:603,0
DA:604,0
DA:606,0
DA:607,0
DA:609,0
DA:610,0
DA:613,0
DA:622,0
DA:623,0
DA:624,0
DA:625,0
DA:629,0
DA:630,0
DA:631,0
DA:634,0
DA:639,0
DA:677,0
DA:678,0
DA:683,0
DA:713,0
DA:715,0
DA:722,0
DA:727,0
DA:731,0
DA:735,0
DA:739,0
DA:740,0
DA:741,0
LF:179
LH:0
BRDA:106,0,0,0
BRDA:106,0,1,0
BRDA:112,1,0,0
BRDA:112,1,1,0
BRDA:142,2,0,0
BRDA:142,2,1,0
BRDA:142,3,0,0
BRDA:142,3,1,0
BRDA:153,4,0,0
BRDA:167,5,0,0
BRDA:183,6,0,0
BRDA:203,7,0,0
BRDA:229,8,0,0
BRDA:247,9,0,0
BRDA:255,10,0,0
BRDA:255,10,1,0
BRDA:266,11,0,0
BRDA:274,12,0,0
BRDA:274,12,1,0
BRDA:299,13,0,0
BRDA:299,13,1,0
BRDA:316,14,0,0
BRDA:327,15,0,0
BRDA:356,16,0,0
BRDA:356,16,1,0
BRDA:358,17,0,0
BRDA:368,18,0,0
BRDA:372,19,0,0
BRDA:378,20,0,0
BRDA:378,20,1,0
BRDA:380,21,0,0
BRDA:380,21,1,0
BRDA:380,22,0,0
BRDA:380,22,1,0
BRDA:383,23,0,0
BRDA:383,23,1,0
BRDA:416,24,0,0
BRDA:421,25,0,0
BRDA:421,25,1,0
BRDA:421,26,0,0
BRDA:421,26,1,0
BRDA:424,27,0,0
BRDA:424,27,1,0
BRDA:443,28,0,0
BRDA:443,28,1,0
BRDA:468,29,0,0
BRDA:471,30,0,0
BRDA:497,31,0,0
BRDA:497,31,1,0
BRDA:498,32,0,0
BRDA:498,32,1,0
BRDA:504,33,0,0
BRDA:504,33,1,0
BRDA:505,34,0,0
BRDA:505,34,1,0
BRDA:506,35,0,0
BRDA:506,35,1,0
BRDA:539,36,0,0
BRDA:539,36,1,0
BRDA:552,37,0,0
BRDA:552,37,1,0
BRDA:560,38,0,0
BRDA:565,39,0,0
BRDA:565,39,1,0
BRDA:578,40,0,0
BRDA:578,40,1,0
BRDA:589,41,0,0
BRDA:589,41,1,0
BRDA:596,42,0,0
BRDA:596,42,1,0
BRDA:609,43,0,0
BRDA:609,43,1,0
BRDA:616,44,0,0
BRDA:616,44,1,0
BRDA:630,45,0,0
BRDA:739,46,0,0
BRF:76
BRH:0
end_of_record
TN:
SF:src/app/core/services/invitation-storage.service.ts
FN:7,(anonymous_0)
FN:10,(anonymous_1)
FN:18,(anonymous_2)
FN:24,(anonymous_3)
FN:35,(anonymous_4)
FN:43,(anonymous_5)
FNF:6
FNH:0
FNDA:0,(anonymous_0)
FNDA:0,(anonymous_1)
FNDA:0,(anonymous_2)
FNDA:0,(anonymous_3)
FNDA:0,(anonymous_4)
FNDA:0,(anonymous_5)
DA:7,0
DA:8,0
DA:11,0
DA:12,0
DA:14,0
DA:19,0
DA:20,0
DA:21,0
DA:23,0
DA:24,0
DA:30,0
DA:31,0
DA:36,0
DA:37,0
DA:39,0
DA:44,0
DA:45,0
DA:46,0
DA:47,0
DA:48,0
DA:50,0
LF:21
LH:0
BRDA:21,0,0,0
BRF:1
BRH:0
end_of_record
TN:
SF:src/app/core/services/metrics.service.ts
FN:13,(anonymous_0)
FN:15,(anonymous_1)
FN:49,(anonymous_2)
FN:72,(anonymous_3)
FNF:4
FNH:0
FNDA:0,(anonymous_0)
FNDA:0,(anonymous_1)
FNDA:0,(anonymous_2)
FNDA:0,(anonymous_3)
DA:10,0
DA:11,0
DA:13,0
DA:17,0
DA:43,0
DA:51,0
DA:66,0
DA:74,0
LF:8
LH:0
BRF:0
BRH:0
end_of_record
TN:
SF:src/app/core/services/mock-data.service.ts
FN:84,(anonymous_0)
FN:100,(anonymous_1)
FN:107,(anonymous_2)
FN:115,(anonymous_3)
FN:122,(anonymous_4)
FN:124,(anonymous_5)
FN:125,(anonymous_6)
FN:131,(anonymous_7)
FN:134,(anonymous_8)
FN:141,(anonymous_9)
FN:148,(anonymous_10)
FN:164,(anonymous_11)
FN:166,(anonymous_12)
FN:171,(anonymous_13)
FN:194,(anonymous_14)
FN:202,(anonymous_15)
FN:205,(anonymous_16)
FN:220,(anonymous_17)
FN:229,(anonymous_18)
FN:238,(anonymous_19)
FN:261,(anonymous_20)
FN:268,(anonymous_21)
FN:270,(anonymous_22)
FN:273,(anonymous_23)
FN:283,(anonymous_24)
FN:311,(anonymous_25)
FN:318,(anonymous_26)
FN:331,(anonymous_27)
FN:340,(anonymous_28)
FN:365,(anonymous_29)
FN:383,(anonymous_30)
FN:397,(anonymous_31)
FN:407,(anonymous_32)
FN:443,(anonymous_33)
FN:470,(anonymous_34)
FN:475,(anonymous_35)
FN:479,(anonymous_36)
FNF:37
FNH:0
FNDA:0,(anonymous_0)
FNDA:0,(anonymous_1)
FNDA:0,(anonymous_2)
FNDA:0,(anonymous_3)
FNDA:0,(anonymous_4)
FNDA:0,(anonymous_5)
FNDA:0,(anonymous_6)
FNDA:0,(anonymous_7)
FNDA:0,(anonymous_8)
FNDA:0,(anonymous_9)
FNDA:0,(anonymous_10)
FNDA:0,(anonymous_11)
FNDA:0,(anonymous_12)
FNDA:0,(anonymous_13)
FNDA:0,(anonymous_14)
FNDA:0,(anonymous_15)
FNDA:0,(anonymous_16)
FNDA:0,(anonymous_17)
FNDA:0,(anonymous_18)
FNDA:0,(anonymous_19)
FNDA:0,(anonymous_20)
FNDA:0,(anonymous_21)
FNDA:0,(anonymous_22)
FNDA:0,(anonymous_23)
FNDA:0,(anonymous_24)
FNDA:0,(anonymous_25)
FNDA:0,(anonymous_26)
FNDA:0,(anonymous_27)
FNDA:0,(anonymous_28)
FNDA:0,(anonymous_29)
FNDA:0,(anonymous_30)
FNDA:0,(anonymous_31)
FNDA:0,(anonymous_32)
FNDA:0,(anonymous_33)
FNDA:0,(anonymous_34)
FNDA:0,(anonymous_35)
FNDA:0,(anonymous_36)
DA:68,0
DA:69,0
DA:77,0
DA:78,0
DA:81,0
DA:82,0
DA:84,0
DA:85,0
DA:101,0
DA:108,0
DA:109,0
DA:116,0
DA:123,0
DA:124,0
DA:125,0
DA:132,0
DA:133,0
DA:134,0
DA:135,0
DA:142,0
DA:144,0
DA:145,0
DA:148,0
DA:151,0
DA:157,0
DA:158,0
DA:165,0
DA:166,0
DA:168,0
DA:171,0
DA:172,0
DA:174,0
DA:177,0
DA:187,0
DA:196,0
DA:204,0
DA:205,0
DA:206,0
DA:207,0
DA:209,0
DA:212,0
DA:213,0
DA:221,0
DA:222,0
DA:223,0
DA:230,0
DA:231,0
DA:232,0
DA:239,0
DA:241,0
DA:242,0
DA:245,0
DA:246,0
DA:248,0
DA:249,0
DA:251,0
DA:252,0
DA:254,0
DA:263,0
DA:264,0
DA:269,0
DA:270,0
DA:274,0
DA:285,0
DA:312,0
DA:313,0
DA:316,0
DA:318,0
DA:332,0
DA:341,0
DA:367,0
DA:380,0
DA:384,0
DA:385,0
DA:388,0
DA:389,0
DA:391,0
DA:392,0
DA:394,0
DA:398,0
DA:408,0
DA:444,0
DA:471,0
DA:472,0
DA:476,0
DA:480,0
LF:86
LH:0
BRDA:109,0,0,0
BRDA:109,0,1,0
BRDA:116,1,0,0
BRDA:116,1,1,0
BRDA:132,2,0,0
BRDA:132,2,1,0
BRDA:135,3,0,0
BRDA:135,3,1,0
BRDA:142,4,0,0
BRDA:168,5,0,0
BRDA:172,6,0,0
BRDA:174,7,0,0
BRDA:174,7,1,0
BRDA:184,8,0,0
BRDA:184,8,1,0
BRDA:206,9,0,0
BRDA:212,10,0,0
BRDA:223,11,0,0
BRDA:223,11,1,0
BRDA:239,12,0,0
BRDA:241,13,0,0
BRDA:248,14,0,0
BRDA:248,15,0,0
BRDA:248,15,1,0
BRDA:251,16,0,0
BRDA:251,17,0,0
BRDA:251,17,1,0
BRDA:263,18,0,0
BRDA:270,19,0,0
BRDA:270,19,1,0
BRDA:323,20,0,0
BRDA:323,20,1,0
BRDA:403,21,0,0
BRDA:403,21,1,0
BRDA:472,22,0,0
BRDA:472,22,1,0
BRF:36
BRH:0
end_of_record
TN:
SF:src/app/core/services/scoring.service.ts
FN:20,(anonymous_0)
FN:22,(anonymous_1)
FN:26,(anonymous_2)
FN:56,(anonymous_3)
FN:79,(anonymous_4)
FN:87,(anonymous_5)
FN:97,(anonymous_6)
FN:101,(anonymous_7)
FN:109,(anonymous_8)
FNF:9
FNH:0
FNDA:0,(anonymous_0)
FNDA:0,(anonymous_1)
FNDA:0,(anonymous_2)
FNDA:0,(anonymous_3)
FNDA:0,(anonymous_4)
FNDA:0,(anonymous_5)
FNDA:0,(anonymous_6)
FNDA:0,(anonymous_7)
FNDA:0,(anonymous_8)
DA:19,0
DA:20,0
DA:23,0
DA:24,0
DA:26,0
DA:28,0
DA:34,0
DA:35,0
DA:36,0
DA:40,0
DA:44,0
DA:45,0
DA:49,0
DA:50,0
DA:53,0
DA:60,0
DA:61,0
DA:63,0
DA:64,0
DA:67,0
DA:69,0
DA:71,0
DA:73,0
DA:75,0
DA:82,0
DA:83,0
DA:84,0
DA:91,0
DA:98,0
DA:102,0
DA:104,0
DA:110,0
DA:112,0
DA:113,0
DA:114,0
DA:117,0
DA:120,0
DA:122,0
LF:38
LH:0
BRDA:34,0,0,0
BRDA:44,1,0,0
BRDA:49,2,0,0
BRDA:63,3,0,0
BRDA:67,4,0,0
BRDA:67,4,1,0
BRDA:67,4,2,0
BRDA:67,4,3,0
BRDA:82,5,0,0
BRDA:83,6,0,0
BRDA:92,7,0,0
BRDA:92,7,1,0
BRDA:98,8,0,0
BRDA:98,8,1,0
BRDA:110,9,0,0
BRDA:117,10,0,0
BRDA:117,11,0,0
BRDA:117,11,1,0
BRDA:120,12,0,0
BRDA:120,13,0,0
BRDA:120,13,1,0
BRDA:120,13,2,0
BRF:22
BRH:0
end_of_record
TN:
SF:src/app/core/services/season.service.ts
FN:26,(anonymous_0)
FN:30,(anonymous_1)
FN:33,(anonymous_2)
FN:64,(anonymous_3)
FN:68,(anonymous_4)
FN:72,(anonymous_5)
FN:76,(anonymous_6)
FNF:7
FNH:0
FNDA:0,(anonymous_0)
FNDA:0,(anonymous_1)
FNDA:0,(anonymous_2)
FNDA:0,(anonymous_3)
FNDA:0,(anonymous_4)
FNDA:0,(anonymous_5)
FNDA:0,(anonymous_6)
DA:16,0
DA:17,0
DA:28,0
DA:30,0
DA:34,0
DA:35,0
DA:37,0
DA:38,0
DA:41,0
DA:42,0
DA:44,0
DA:48,0
DA:50,0
DA:52,0
DA:53,0
DA:56,0
DA:65,0
DA:69,0
DA:73,0
DA:77,0
LF:20
LH:0
BRDA:42,0,0,0
BRDA:42,0,1,0
BRDA:42,1,0,0
BRDA:42,1,1,0
BRDA:52,2,0,0
BRF:5
BRH:0
end_of_record
TN:
SF:src/app/core/services/toast.service.ts
FN:10,(anonymous_0)
FN:12,(anonymous_1)
FNF:2
FNH:0
FNDA:0,(anonymous_0)
FNDA:0,(anonymous_1)
DA:1,4
DA:2,4
DA:9,4
DA:10,0
DA:18,0
DA:20,0
DA:27,0
LF:7
LH:3
BRDA:14,0,0,0
BRDA:15,1,0,0
BRDA:18,2,0,0
BRDA:18,2,1,0
BRF:4
BRH:0
end_of_record
TN:
SF:src/app/core/services/token.service.ts
FN:6,(anonymous_0)
FN:10,(anonymous_1)
FN:24,(anonymous_2)
FN:42,(anonymous_3)
FN:46,(anonymous_4)
FN:50,(anonymous_5)
FNF:6
FNH:0
FNDA:0,(anonymous_0)
FNDA:0,(anonymous_1)
FNDA:0,(anonymous_2)
FNDA:0,(anonymous_3)
FNDA:0,(anonymous_4)
FNDA:0,(anonymous_5)
DA:6,0
DA:7,0
DA:8,0
DA:12,0
DA:13,0
DA:14,0
DA:17,0
DA:18,0
DA:25,0
DA:27,0
DA:28,0
DA:29,0
DA:32,0
DA:34,0
DA:36,0
DA:38,0
DA:43,0
DA:44,0
DA:45,0
DA:46,0
DA:51,0
DA:52,0
DA:53,0
DA:54,0
DA:55,0
DA:57,0
LF:26
LH:0
BRF:0
BRH:0
end_of_record
TN:
SF:src/app/core/utils/encryption.utils.ts
FN:6,hashPassword
FN:12,hashSecurityAnswer
FN:17,encryptData
FN:21,decryptData
FN:26,encryptSensitiveData
FN:32,(anonymous_5)
FNF:6
FNH:0
FNDA:0,hashPassword
FNDA:0,hashSecurityAnswer
FNDA:0,encryptData
FNDA:0,decryptData
FNDA:0,encryptSensitiveData
FNDA:0,(anonymous_5)
DA:4,0
DA:7,0
DA:8,0
DA:9,0
DA:13,0
DA:14,0
DA:18,0
DA:22,0
DA:23,0
DA:30,0
DA:32,0
DA:33,0
DA:34,0
DA:40,0
LF:14
LH:0
BRDA:33,0,0,0
BRF:1
BRH:0
end_of_record
TN:
SF:src/app/core/utils/error.utils.ts
FN:23,extractErrorMessage
FN:46,(anonymous_1)
FN:47,(anonymous_2)
FN:50,(anonymous_3)
FN:51,(anonymous_4)
FN:52,(anonymous_5)
FN:55,(anonymous_6)
FN:58,(anonymous_7)
FN:59,(anonymous_8)
FN:96,isNetworkError
FN:110,(anonymous_10)
FN:120,isSupabaseAuthError
FN:132,(anonymous_12)
FN:142,isSupabaseDatabaseError
FN:156,(anonymous_14)
FN:166,getUserFriendlyErrorMessage
FNF:16
FNH:9
FNDA:33,extractErrorMessage
FNDA:24,(anonymous_1)
FNDA:20,(anonymous_2)
FNDA:20,(anonymous_3)
FNDA:20,(anonymous_4)
FNDA:19,(anonymous_5)
FNDA:17,(anonymous_6)
FNDA:4,(anonymous_7)
FNDA:4,(anonymous_8)
FNDA:0,isNetworkError
FNDA:0,(anonymous_10)
FNDA:0,isSupabaseAuthError
FNDA:0,(anonymous_12)
FNDA:0,isSupabaseDatabaseError
FNDA:0,(anonymous_14)
FNDA:0,getUserFriendlyErrorMessage
DA:23,5
DA:24,33
DA:25,1
DA:29,32
DA:30,8
DA:34,24
DA:35,0
DA:39,24
DA:40,0
DA:44,24
DA:46,24
DA:47,20
DA:50,20
DA:51,20
DA:52,19
DA:55,17
DA:58,4
DA:59,4
DA:63,24
DA:64,128
DA:65,128
DA:66,128
DA:67,20
DA:71,0
DA:76,4
DA:77,4
DA:78,4
DA:79,2
DA:80,2
DA:81,0
DA:88,4
DA:96,5
DA:97,0
DA:99,0
DA:109,0
DA:110,0
DA:111,0
DA:120,5
DA:121,0
DA:123,0
DA:131,0
DA:132,0
DA:133,0
DA:142,5
DA:143,0
DA:145,0
DA:155,0
DA:156,0
DA:157,0
DA:166,5
DA:167,0
DA:170,0
DA:171,0
DA:175,0
DA:176,0
DA:179,0
DA:180,0
DA:183,0
DA:184,0
DA:188,0
LF:60
LH:31
BRDA:23,0,0,31
BRDA:24,1,0,1
BRDA:24,2,0,33
BRDA:24,2,1,32
BRDA:29,3,0,8
BRDA:30,4,0,8
BRDA:30,4,1,0
BRDA:34,5,0,0
BRDA:39,6,0,0
BRDA:39,7,0,24
BRDA:39,7,1,24
BRDA:66,8,0,20
BRDA:66,9,0,128
BRDA:66,9,1,20
BRDA:66,9,2,20
BRDA:76,10,0,4
BRDA:78,11,0,2
BRDA:78,12,0,4
BRDA:78,12,1,4
BRDA:80,13,0,0
BRDA:80,14,0,2
BRDA:80,14,1,2
BRDA:97,15,0,0
BRDA:121,16,0,0
BRDA:143,17,0,0
BRDA:170,18,0,0
BRDA:170,19,0,0
BRDA:170,19,1,0
BRDA:175,20,0,0
BRDA:179,21,0,0
BRDA:183,22,0,0
BRF:31
BRH:18
end_of_record
TN:
SF:src/app/core/utils/validation.utils.ts
FN:5,validateEmail
FN:9,validatePassword
FN:17,getPasswordErrors
FNF:3
FNH:1
FNDA:0,validateEmail
FNDA:8,validatePassword
FNDA:0,getPasswordErrors
DA:1,3
DA:2,3
DA:5,3
DA:6,0
DA:9,3
DA:11,8
DA:17,3
DA:18,0
DA:20,0
DA:21,0
DA:23,0
DA:24,0
DA:26,0
DA:27,0
DA:29,0
DA:30,0
DA:35,0
LF:17
LH:6
BRDA:11,0,0,8
BRDA:11,0,1,8
BRDA:11,0,2,8
BRDA:11,0,3,8
BRDA:20,1,0,0
BRDA:23,2,0,0
BRDA:26,3,0,0
BRDA:29,4,0,0
BRF:8
BRH:4
end_of_record
TN:
SF:src/app/platforms/auth/auth.routes.ts
FN:9,(anonymous_0)
FN:10,(anonymous_1)
FN:14,(anonymous_2)
FN:15,(anonymous_3)
FN:19,(anonymous_4)
FN:21,(anonymous_5)
FN:26,(anonymous_6)
FN:28,(anonymous_7)
FN:33,(anonymous_8)
FN:33,(anonymous_9)
FNF:10
FNH:0
FNDA:0,(anonymous_0)
FNDA:0,(anonymous_1)
FNDA:0,(anonymous_2)
FNDA:0,(anonymous_3)
FNDA:0,(anonymous_4)
FNDA:0,(anonymous_5)
FNDA:0,(anonymous_6)
FNDA:0,(anonymous_7)
FNDA:0,(anonymous_8)
FNDA:0,(anonymous_9)
DA:3,0
DA:10,0
DA:15,0
DA:20,0
DA:21,0
DA:27,0
DA:28,0
DA:33,0
LF:8
LH:0
BRF:0
BRH:0
end_of_record
TN:
SF:src/app/platforms/auth/pages/email-confirmed/email-confirmed.page.ts
FN:41,(anonymous_0)
FN:48,(anonymous_1)
FN:52,(anonymous_2)
FN:83,(anonymous_3)
FN:87,(anonymous_4)
FNF:5
FNH:0
FNDA:0,(anonymous_0)
FNDA:0,(anonymous_1)
FNDA:0,(anonymous_2)
FNDA:0,(anonymous_3)
FNDA:0,(anonymous_4)
DA:1,1
DA:2,1
DA:3,1
DA:4,1
DA:5,1
DA:16,1
DA:17,1
DA:18,1
DA:39,1
DA:42,0
DA:43,0
DA:45,0
DA:49,0
DA:53,0
DA:54,0
DA:57,0
DA:58,0
DA:59,0
DA:60,0
DA:62,0
DA:63,0
DA:66,0
DA:68,0
DA:69,0
DA:73,0
DA:76,0
DA:79,0
DA:84,0
DA:88,0
LF:29
LH:9
BRDA:62,0,0,0
BRDA:62,0,1,0
BRDA:62,1,0,0
BRDA:62,1,1,0
BRDA:68,2,0,0
BRDA:68,2,1,0
BRF:6
BRH:0
end_of_record
TN:
SF:src/app/platforms/auth/pages/forgot-password/forgot-password.page.ts
FN:53,(anonymous_0)
FN:57,(anonymous_1)
FN:61,(anonymous_2)
FN:74,(anonymous_3)
FN:80,(anonymous_4)
FN:85,(anonymous_5)
FN:90,(anonymous_6)
FN:113,(anonymous_7)
FNF:8
FNH:0
FNDA:0,(anonymous_0)
FNDA:0,(anonymous_1)
FNDA:0,(anonymous_2)
FNDA:0,(anonymous_3)
FNDA:0,(anonymous_4)
FNDA:0,(anonymous_5)
FNDA:0,(anonymous_6)
FNDA:0,(anonymous_7)
DA:1,2
DA:2,2
DA:17,2
DA:18,2
DA:19,2
DA:20,2
DA:21,2
DA:22,2
DA:48,2
DA:49,0
DA:50,0
DA:54,0
DA:57,0
DA:58,0
DA:62,0
DA:65,0
DA:66,0
DA:67,0
DA:68,0
DA:70,0
DA:77,0
DA:78,0
DA:80,0
DA:81,0
DA:87,0
DA:92,0
DA:94,0
DA:95,0
DA:98,0
DA:99,0
DA:100,0
DA:101,0
DA:102,0
DA:104,0
DA:105,0
DA:108,0
DA:109,0
DA:114,0
LF:38
LH:9
BRDA:54,0,0,0
BRDA:54,0,1,0
BRDA:65,1,0,0
BRDA:65,1,1,0
BRDA:65,2,0,0
BRDA:65,2,1,0
BRDA:67,3,0,0
BRDA:67,3,1,0
BRDA:77,4,0,0
BRDA:94,5,0,0
BRDA:100,6,0,0
BRDA:100,6,1,0
BRF:12
BRH:0
end_of_record
TN:
SF:src/app/platforms/auth/pages/forgot-password/forgot-password.test.config.ts
FN:66,(anonymous_0)
FN:79,(anonymous_1)
FN:94,(anonymous_2)
FN:101,(anonymous_3)
FN:108,(anonymous_4)
FN:115,(anonymous_5)
FN:122,(anonymous_6)
FN:134,(anonymous_7)
FN:146,(anonymous_8)
FN:154,(anonymous_9)
FNF:10
FNH:0
FNDA:0,(anonymous_0)
FNDA:0,(anonymous_1)
FNDA:0,(anonymous_2)
FNDA:0,(anonymous_3)
FNDA:0,(anonymous_4)
FNDA:0,(anonymous_5)
FNDA:0,(anonymous_6)
FNDA:0,(anonymous_7)
FNDA:0,(anonymous_8)
FNDA:0,(anonymous_9)
DA:1,2
DA:2,2
DA:3,2
DA:10,2
DA:11,2
DA:32,2
DA:37,2
DA:67,0
DA:80,0
DA:81,0
DA:82,0
DA:83,0
DA:90,2
DA:95,0
DA:102,0
DA:109,0
DA:116,0
DA:123,0
DA:135,0
DA:147,0
DA:148,0
DA:155,0
DA:156,0
DA:158,0
DA:159,0
DA:161,0
LF:26
LH:8
BRDA:122,0,0,0
BRDA:155,1,0,0
BRDA:158,2,0,0
BRF:3
BRH:0
end_of_record
TN:
SF:src/app/platforms/auth/pages/login/login.page.ts
FN:81,(anonymous_0)
FN:90,(anonymous_1)
FN:98,(anonymous_2)
FN:100,(anonymous_3)
FN:112,(anonymous_4)
FN:124,(anonymous_5)
FN:134,(anonymous_6)
FN:138,(anonymous_7)
FN:168,(anonymous_8)
FN:172,(anonymous_9)
FN:184,(anonymous_10)
FN:198,(anonymous_11)
FN:243,(anonymous_12)
FNF:13
FNH:7
FNDA:50,(anonymous_0)
FNDA:21,(anonymous_1)
FNDA:21,(anonymous_2)
FNDA:21,(anonymous_3)
FNDA:8,(anonymous_4)
FNDA:8,(anonymous_5)
FNDA:0,(anonymous_6)
FNDA:5,(anonymous_7)
FNDA:0,(anonymous_8)
FNDA:0,(anonymous_9)
FNDA:0,(anonymous_10)
FNDA:0,(anonymous_11)
FNDA:0,(anonymous_12)
DA:1,1
DA:2,1
DA:17,1
DA:18,1
DA:19,1
DA:20,1
DA:21,1
DA:25,1
DA:26,1
DA:60,1
DA:61,21
DA:68,21
DA:73,21
DA:74,21
DA:75,21
DA:78,21
DA:79,21
DA:82,50
DA:91,21
DA:92,21
DA:93,21
DA:95,21
DA:100,21
DA:102,21
DA:103,21
DA:106,21
DA:107,21
DA:113,8
DA:115,8
DA:116,0
DA:117,8
DA:118,0
DA:120,8
DA:125,8
DA:126,0
DA:127,8
DA:128,0
DA:130,8
DA:135,0
DA:139,5
DA:140,5
DA:142,5
DA:143,0
DA:144,0
DA:147,5
DA:148,5
DA:151,5
DA:152,5
DA:153,0
DA:154,0
DA:155,0
DA:159,5
DA:162,0
DA:163,0
DA:167,0
DA:169,0
DA:170,0
DA:173,0
DA:174,0
DA:178,0
DA:179,0
DA:185,0
DA:186,0
DA:189,0
DA:190,0
DA:191,0
DA:195,0
DA:202,0
DA:204,0
DA:206,0
DA:207,0
DA:208,0
DA:210,0
DA:211,0
DA:213,0
DA:214,0
DA:216,0
DA:217,0
DA:219,0
DA:222,0
DA:224,0
DA:226,0
DA:227,0
DA:229,0
DA:230,0
DA:232,0
DA:233,0
DA:235,0
DA:239,0
DA:240,0
DA:246,0
DA:247,0
LF:92
LH:42
BRDA:83,0,0,50
BRDA:83,0,1,8
BRDA:83,0,2,8
BRDA:83,0,3,8
BRDA:102,1,0,21
BRDA:102,1,1,21
BRDA:103,2,0,21
BRDA:103,2,1,21
BRDA:107,3,0,21
BRDA:107,3,1,21
BRDA:115,4,0,0
BRDA:115,4,1,8
BRDA:117,5,0,0
BRDA:117,5,1,8
BRDA:125,6,0,0
BRDA:125,6,1,8
BRDA:127,7,0,0
BRDA:127,7,1,8
BRDA:142,8,0,0
BRDA:142,9,0,5
BRDA:142,9,1,5
BRDA:152,10,0,0
BRDA:152,11,0,5
BRDA:152,11,1,0
BRDA:178,12,0,0
BRDA:178,12,1,0
BRDA:178,12,2,0
BRDA:189,13,0,0
BRDA:189,14,0,0
BRDA:189,14,1,0
BRDA:206,15,0,0
BRDA:206,15,1,0
BRDA:208,16,0,0
BRDA:208,16,1,0
BRDA:208,16,2,0
BRDA:208,16,3,0
BRDA:224,17,0,0
BRDA:224,17,1,0
BRDA:224,17,2,0
BRDA:224,17,3,0
BRF:40
BRH:17
end_of_record
TN:
SF:src/app/platforms/auth/pages/otp/otp.page.ts
FN:46,(anonymous_0)
FN:50,(anonymous_1)
FN:53,(anonymous_2)
FN:56,(anonymous_3)
FNF:4
FNH:0
FNDA:0,(anonymous_0)
FNDA:0,(anonymous_1)
FNDA:0,(anonymous_2)
FNDA:0,(anonymous_3)
DA:43,0
DA:44,0
DA:46,0
DA:47,0
DA:57,0
LF:5
LH:0
BRF:0
BRH:0
end_of_record
TN:
SF:src/app/platforms/auth/pages/reset-password/reset-password.page.ts
FN:75,(anonymous_0)
FN:85,(anonymous_1)
FN:94,(anonymous_2)
FN:105,(anonymous_3)
FN:143,(anonymous_4)
FN:159,(anonymous_5)
FN:177,(anonymous_6)
FN:207,(anonymous_7)
FN:214,(anonymous_8)
FN:260,(anonymous_9)
FN:271,(anonymous_10)
FN:281,(anonymous_11)
FN:285,(anonymous_12)
FN:289,(anonymous_13)
FN:340,(anonymous_14)
FNF:15
FNH:0
FNDA:0,(anonymous_0)
FNDA:0,(anonymous_1)
FNDA:0,(anonymous_2)
FNDA:0,(anonymous_3)
FNDA:0,(anonymous_4)
FNDA:0,(anonymous_5)
FNDA:0,(anonymous_6)
FNDA:0,(anonymous_7)
FNDA:0,(anonymous_8)
FNDA:0,(anonymous_9)
FNDA:0,(anonymous_10)
FNDA:0,(anonymous_11)
FNDA:0,(anonymous_12)
FNDA:0,(anonymous_13)
FNDA:0,(anonymous_14)
DA:1,2
DA:2,2
DA:17,2
DA:18,2
DA:19,2
DA:20,2
DA:21,2
DA:26,2
DA:27,2
DA:28,2
DA:58,2
DA:59,0
DA:64,0
DA:69,0
DA:70,0
DA:71,0
DA:72,0
DA:73,0
DA:76,0
DA:86,0
DA:87,0
DA:88,0
DA:89,0
DA:91,0
DA:98,0
DA:105,0
DA:108,0
DA:109,0
DA:115,0
DA:118,0
DA:119,0
DA:121,0
DA:122,0
DA:128,0
DA:131,0
DA:134,0
DA:140,0
DA:144,0
DA:147,0
DA:149,0
DA:152,0
DA:155,0
DA:161,0
DA:165,0
DA:166,0
DA:168,0
DA:170,0
DA:171,0
DA:172,0
DA:179,0
DA:183,0
DA:192,0
DA:193,0
DA:194,0
DA:196,0
DA:198,0
DA:199,0
DA:200,0
DA:208,0
DA:209,0
DA:210,0
DA:216,0
DA:217,0
DA:221,0
DA:222,0
DA:224,0
DA:226,0
DA:229,0
DA:232,0
DA:233,0
DA:234,0
DA:238,0
DA:239,0
DA:243,0
DA:244,0
DA:245,0
DA:246,0
DA:248,0
DA:250,0
DA:251,0
DA:252,0
DA:261,0
DA:262,0
DA:263,0
DA:264,0
DA:265,0
DA:267,0
DA:272,0
DA:273,0
DA:274,0
DA:275,0
DA:277,0
DA:282,0
DA:286,0
DA:291,0
DA:292,0
DA:294,0
DA:296,0
DA:300,0
DA:303,0
DA:305,0
DA:307,0
DA:309,0
DA:311,0
DA:314,0
DA:317,0
DA:319,0
DA:322,0
DA:325,0
DA:328,0
DA:329,0
DA:332,0
DA:335,0
DA:341,0
LF:114
LH:11
BRDA:77,0,0,0
BRDA:77,0,1,0
BRDA:77,0,2,0
BRDA:77,0,3,0
BRDA:77,0,4,0
BRDA:108,1,0,0
BRDA:109,2,0,0
BRDA:109,2,1,0
BRDA:109,2,2,0
BRDA:109,2,3,0
BRDA:109,2,4,0
BRDA:115,3,0,0
BRDA:115,3,1,0
BRDA:149,4,0,0
BRDA:149,4,1,0
BRDA:166,5,0,0
BRDA:166,6,0,0
BRDA:166,6,1,0
BRDA:194,7,0,0
BRDA:194,8,0,0
BRDA:194,8,1,0
BRDA:194,8,2,0
BRDA:217,9,0,0
BRDA:217,9,1,0
BRDA:224,10,0,0
BRDA:233,11,0,0
BRDA:246,12,0,0
BRDA:261,13,0,0
BRDA:261,13,1,0
BRDA:263,14,0,0
BRDA:263,14,1,0
BRDA:272,15,0,0
BRDA:272,15,1,0
BRDA:274,16,0,0
BRDA:274,16,1,0
BRDA:294,17,0,0
BRDA:294,18,0,0
BRDA:294,18,1,0
BRDA:309,19,0,0
BRDA:309,19,1,0
BRDA:328,20,0,0
BRDA:328,20,1,0
BRF:42
BRH:0
end_of_record
TN:
SF:src/app/platforms/auth/pages/reset-password/reset-password.test.config.ts
FN:43,(anonymous_0)
FN:57,(anonymous_1)
FN:84,(anonymous_2)
FN:94,(anonymous_3)
FN:104,(anonymous_4)
FN:111,(anonymous_5)
FN:122,(anonymous_6)
FN:138,(anonymous_7)
FN:153,(anonymous_8)
FN:162,(anonymous_9)
FN:171,(anonymous_10)
FN:180,(anonymous_11)
FN:194,(anonymous_12)
FN:212,(anonymous_13)
FN:223,(anonymous_14)
FN:240,(anonymous_15)
FN:255,(anonymous_16)
FNF:17
FNH:0
FNDA:0,(anonymous_0)
FNDA:0,(anonymous_1)
FNDA:0,(anonymous_2)
FNDA:0,(anonymous_3)
FNDA:0,(anonymous_4)
FNDA:0,(anonymous_5)
FNDA:0,(anonymous_6)
FNDA:0,(anonymous_7)
FNDA:0,(anonymous_8)
FNDA:0,(anonymous_9)
FNDA:0,(anonymous_10)
FNDA:0,(anonymous_11)
FNDA:0,(anonymous_12)
FNDA:0,(anonymous_13)
FNDA:0,(anonymous_14)
FNDA:0,(anonymous_15)
FNDA:0,(anonymous_16)
DA:13,0
DA:14,0
DA:16,0
DA:21,0
DA:28,0
DA:44,0
DA:58,0
DA:61,0
DA:62,0
DA:65,0
DA:66,0
DA:67,0
DA:68,0
DA:71,0
DA:72,0
DA:73,0
DA:76,0
DA:77,0
DA:78,0
DA:85,0
DA:95,0
DA:96,0
DA:97,0
DA:98,0
DA:105,0
DA:112,0
DA:123,0
DA:139,0
DA:140,0
DA:154,0
DA:155,0
DA:156,0
DA:163,0
DA:164,0
DA:165,0
DA:172,0
DA:173,0
DA:174,0
DA:181,0
DA:182,0
DA:183,0
DA:200,0
DA:201,0
DA:202,0
DA:206,0
DA:213,0
DA:217,0
DA:229,0
DA:230,0
DA:231,0
DA:232,0
DA:234,0
DA:245,0
DA:246,0
DA:247,0
DA:249,0
DA:256,0
DA:257,0
DA:258,0
LF:59
LH:0
BRDA:84,0,0,0
BRDA:246,1,0,0
BRF:2
BRH:0
end_of_record
TN:
SF:src/app/platforms/auth/pages/signup/signup.page.ts
FN:120,(anonymous_0)
FN:148,(anonymous_1)
FN:156,(anonymous_2)
FN:157,(anonymous_3)
FN:194,(anonymous_4)
FN:204,(anonymous_5)
FN:214,(anonymous_6)
FN:226,(anonymous_7)
FN:249,(anonymous_8)
FN:250,(anonymous_9)
FN:253,(anonymous_10)
FN:263,(anonymous_11)
FN:267,(anonymous_12)
FN:271,(anonymous_13)
FN:289,(anonymous_14)
FN:298,(anonymous_15)
FN:303,(anonymous_16)
FN:314,(anonymous_17)
FN:326,(anonymous_18)
FN:334,(anonymous_19)
FN:339,(anonymous_20)
FN:344,(anonymous_21)
FNF:22
FNH:18
FNDA:454,(anonymous_0)
FNDA:126,(anonymous_1)
FNDA:129,(anonymous_2)
FNDA:129,(anonymous_3)
FNDA:0,(anonymous_4)
FNDA:182,(anonymous_5)
FNDA:82,(anonymous_6)
FNDA:110,(anonymous_7)
FNDA:561,(anonymous_8)
FNDA:1151,(anonymous_9)
FNDA:170,(anonymous_10)
FNDA:4,(anonymous_11)
FNDA:4,(anonymous_12)
FNDA:47,(anonymous_13)
FNDA:0,(anonymous_14)
FNDA:9,(anonymous_15)
FNDA:1,(anonymous_16)
FNDA:31,(anonymous_17)
FNDA:54,(anonymous_18)
FNDA:0,(anonymous_19)
FNDA:0,(anonymous_20)
FNDA:2,(anonymous_21)
DA:1,5
DA:2,5
DA:20,5
DA:21,5
DA:22,5
DA:23,5
DA:24,5
DA:33,5
DA:39,5
DA:85,5
DA:86,126
DA:97,126
DA:107,126
DA:108,126
DA:109,126
DA:110,126
DA:111,126
DA:113,126
DA:121,454
DA:131,454
DA:141,454
DA:143,454
DA:149,126
DA:150,126
DA:151,126
DA:153,126
DA:157,129
DA:158,129
DA:159,129
DA:160,129
DA:162,129
DA:163,129
DA:166,129
DA:167,0
DA:172,129
DA:173,0
DA:178,129
DA:179,16
DA:181,16
DA:184,0
DA:185,0
DA:195,0
DA:196,0
DA:197,0
DA:198,0
DA:199,0
DA:200,0
DA:201,0
DA:205,182
DA:206,18
DA:210,164
DA:215,82
DA:217,82
DA:218,3
DA:219,79
DA:220,18
DA:222,61
DA:227,110
DA:230,110
DA:237,110
DA:238,3
DA:239,107
DA:240,7
DA:243,100
DA:246,110
DA:250,1151
DA:254,170
DA:255,18
DA:256,152
DA:257,9
DA:259,143
DA:264,4
DA:268,4
DA:272,47
DA:273,47
DA:274,47
DA:275,47
DA:276,47
DA:277,47
DA:278,47
DA:280,47
DA:281,6
DA:284,41
DA:286,41
DA:289,41
DA:290,0
DA:291,0
DA:292,0
DA:293,0
DA:297,41
DA:299,9
DA:300,9
DA:303,9
DA:305,1
DA:311,1
DA:315,31
DA:316,31
DA:317,31
DA:320,31
DA:321,31
DA:327,54
DA:328,5
DA:330,49
DA:335,0
DA:340,0
DA:345,2
LF:106
LH:89
BRDA:122,0,0,454
BRDA:122,0,1,150
BRDA:122,0,2,116
BRDA:122,0,3,108
BRDA:122,0,4,103
BRDA:122,0,5,98
BRDA:122,0,6,93
BRDA:132,1,0,454
BRDA:132,1,1,444
BRDA:132,1,2,442
BRDA:132,1,3,442
BRDA:132,1,4,431
BRDA:132,1,5,427
BRDA:132,1,6,411
BRDA:143,2,0,454
BRDA:143,2,1,76
BRDA:143,2,2,71
BRDA:159,3,0,129
BRDA:159,3,1,129
BRDA:166,4,0,0
BRDA:172,5,0,0
BRDA:172,6,0,129
BRDA:172,6,1,0
BRDA:178,7,0,16
BRDA:178,8,0,129
BRDA:178,8,1,16
BRDA:181,9,0,0
BRDA:181,10,0,16
BRDA:181,10,1,16
BRDA:181,10,2,0
BRDA:205,11,0,18
BRDA:205,11,1,164
BRDA:217,12,0,3
BRDA:217,12,1,79
BRDA:219,13,0,18
BRDA:219,13,1,61
BRDA:237,14,0,3
BRDA:237,14,1,107
BRDA:239,15,0,7
BRDA:239,15,1,100
BRDA:254,16,0,18
BRDA:254,16,1,152
BRDA:256,17,0,9
BRDA:256,17,1,143
BRDA:280,18,0,6
BRDA:280,19,0,47
BRDA:280,19,1,43
BRDA:290,20,0,0
BRDA:327,21,0,5
BRDA:327,21,1,49
BRF:50
BRH:44
end_of_record
TN:
SF:src/app/platforms/auth/pages/signup/signup.test.config.ts
FN:48,(anonymous_0)
FN:54,(anonymous_1)
FN:70,(anonymous_2)
FN:80,(anonymous_3)
FN:86,(anonymous_4)
FN:99,(anonymous_5)
FN:112,(anonymous_6)
FN:128,(anonymous_7)
FN:138,(anonymous_8)
FN:141,(anonymous_9)
FN:155,(anonymous_10)
FN:158,(anonymous_11)
FN:172,(anonymous_12)
FN:176,(anonymous_13)
FN:180,(anonymous_14)
FN:184,(anonymous_15)
FN:188,(anonymous_16)
FN:192,(anonymous_17)
FNF:18
FNH:2
FNDA:0,(anonymous_0)
FNDA:0,(anonymous_1)
FNDA:0,(anonymous_2)
FNDA:126,(anonymous_3)
FNDA:46,(anonymous_4)
FNDA:0,(anonymous_5)
FNDA:0,(anonymous_6)
FNDA:0,(anonymous_7)
FNDA:0,(anonymous_8)
FNDA:0,(anonymous_9)
FNDA:0,(anonymous_10)
FNDA:0,(anonymous_11)
FNDA:0,(anonymous_12)
FNDA:0,(anonymous_13)
FNDA:0,(anonymous_14)
FNDA:0,(anonymous_15)
FNDA:0,(anonymous_16)
FNDA:0,(anonymous_17)
DA:1,5
DA:2,5
DA:3,5
DA:4,5
DA:5,5
DA:7,5
DA:8,5
DA:29,5
DA:46,5
DA:50,0
DA:56,0
DA:71,0
DA:81,126
DA:85,5
DA:87,46
DA:100,0
DA:113,0
DA:129,0
DA:139,0
DA:142,0
DA:156,0
DA:159,0
DA:173,0
DA:177,0
DA:181,0
DA:185,0
DA:189,0
DA:193,0
LF:28
LH:12
BRDA:50,0,0,0
BRDA:56,1,0,0
BRDA:128,2,0,0
BRDA:142,3,0,0
BRDA:155,4,0,0
BRDA:159,5,0,0
BRF:6
BRH:0
end_of_record
TN:
SF:src/app/platforms/group-admin/group-admin.routes.ts
FN:11,(anonymous_0)
FN:13,(anonymous_1)
FN:18,(anonymous_2)
FN:19,(anonymous_3)
FN:23,(anonymous_4)
FN:25,(anonymous_5)
FN:30,(anonymous_6)
FN:31,(anonymous_7)
FN:38,(anonymous_8)
FN:39,(anonymous_9)
FN:43,(anonymous_10)
FN:46,(anonymous_11)
FN:52,(anonymous_12)
FN:53,(anonymous_13)
FN:57,(anonymous_14)
FN:58,(anonymous_15)
FNF:16
FNH:0
FNDA:0,(anonymous_0)
FNDA:0,(anonymous_1)
FNDA:0,(anonymous_2)
FNDA:0,(anonymous_3)
FNDA:0,(anonymous_4)
FNDA:0,(anonymous_5)
FNDA:0,(anonymous_6)
FNDA:0,(anonymous_7)
FNDA:0,(anonymous_8)
FNDA:0,(anonymous_9)
FNDA:0,(anonymous_10)
FNDA:0,(anonymous_11)
FNDA:0,(anonymous_12)
FNDA:0,(anonymous_13)
FNDA:0,(anonymous_14)
FNDA:0,(anonymous_15)
DA:4,0
DA:12,0
DA:13,0
DA:19,0
DA:24,0
DA:25,0
DA:31,0
DA:39,0
DA:44,0
DA:46,0
DA:53,0
DA:58,0
LF:12
LH:0
BRF:0
BRH:0
end_of_record
TN:
SF:src/app/platforms/group-admin/guards/group-admin-auth.guard.ts
FN:9,(anonymous_0)
FN:14,(anonymous_1)
FNF:2
FNH:0
FNDA:0,(anonymous_0)
FNDA:0,(anonymous_1)
DA:8,0
DA:10,0
DA:11,0
DA:15,0
DA:16,0
DA:20,0
DA:23,0
LF:7
LH:0
BRDA:15,0,0,0
BRF:1
BRH:0
end_of_record
TN:
SF:src/app/platforms/group-admin/layout/group-admin-layout.page.ts
FN:52,(anonymous_0)
FN:68,(anonymous_1)
FNF:2
FNH:0
FNDA:0,(anonymous_0)
FNDA:0,(anonymous_1)
DA:51,0
DA:52,0
DA:53,0
DA:69,0
LF:4
LH:0
BRF:0
BRH:0
end_of_record
TN:
SF:src/app/platforms/group-admin/pages/create-group/create-group.page.ts
FN:85,(anonymous_0)
FN:101,(anonymous_1)
FN:109,(anonymous_2)
FN:119,(anonymous_3)
FN:130,(anonymous_4)
FN:136,(anonymous_5)
FN:141,(anonymous_6)
FN:153,(anonymous_7)
FN:159,(anonymous_8)
FN:178,(anonymous_9)
FN:192,(anonymous_10)
FN:202,(anonymous_11)
FNF:12
FNH:0
FNDA:0,(anonymous_0)
FNDA:0,(anonymous_1)
FNDA:0,(anonymous_2)
FNDA:0,(anonymous_3)
FNDA:0,(anonymous_4)
FNDA:0,(anonymous_5)
FNDA:0,(anonymous_6)
FNDA:0,(anonymous_7)
FNDA:0,(anonymous_8)
FNDA:0,(anonymous_9)
FNDA:0,(anonymous_10)
FNDA:0,(anonymous_11)
DA:80,0
DA:82,0
DA:83,0
DA:86,0
DA:87,0
DA:88,0
DA:89,0
DA:91,0
DA:98,0
DA:102,0
DA:109,0
DA:110,0
DA:111,0
DA:112,0
DA:114,0
DA:120,0
DA:121,0
DA:122,0
DA:123,0
DA:125,0
DA:127,0
DA:131,0
DA:132,0
DA:133,0
DA:137,0
DA:138,0
DA:142,0
DA:143,0
DA:144,0
DA:145,0
DA:146,0
DA:147,0
DA:149,0
DA:154,0
DA:155,0
DA:156,0
DA:160,0
DA:162,0
DA:163,0
DA:164,0
DA:165,0
DA:166,0
DA:169,0
DA:170,0
DA:171,0
DA:173,0
DA:174,0
DA:175,0
DA:179,0
DA:180,0
DA:181,0
DA:182,0
DA:184,0
DA:193,0
DA:194,0
DA:198,0
DA:203,0
DA:204,0
DA:205,0
DA:212,0
DA:213,0
DA:214,0
DA:220,0
LF:63
LH:0
BRDA:111,0,0,0
BRDA:111,0,1,0
BRDA:121,1,0,0
BRDA:121,1,1,0
BRDA:137,2,0,0
BRDA:137,2,1,0
BRDA:142,3,0,0
BRDA:142,3,1,0
BRDA:144,4,0,0
BRDA:144,4,1,0
BRDA:146,5,0,0
BRDA:146,5,1,0
BRDA:162,6,0,0
BRDA:162,7,0,0
BRDA:162,7,1,0
BRDA:170,8,0,0
BRDA:171,9,0,0
BRDA:179,10,0,0
BRDA:179,10,1,0
BRDA:188,11,0,0
BRDA:188,11,1,0
BRF:21
BRH:0
end_of_record
TN:
SF:src/app/platforms/group-admin/pages/dashboard/dashboard.page.ts
FN:221,(anonymous_0)
FN:252,(anonymous_1)
FN:260,(anonymous_2)
FN:266,(anonymous_3)
FN:281,(anonymous_4)
FN:282,(anonymous_5)
FN:288,(anonymous_6)
FN:294,(anonymous_7)
FN:296,(anonymous_8)
FN:319,(anonymous_9)
FN:323,(anonymous_10)
FN:325,(anonymous_11)
FN:338,(anonymous_12)
FN:339,(anonymous_13)
FN:353,(anonymous_14)
FN:354,(anonymous_15)
FN:359,(anonymous_16)
FN:360,(anonymous_17)
FN:381,(anonymous_18)
FN:384,(anonymous_19)
FN:396,(anonymous_20)
FN:402,(anonymous_21)
FN:403,(anonymous_22)
FN:404,(anonymous_23)
FN:405,(anonymous_24)
FN:423,(anonymous_25)
FN:426,(anonymous_26)
FN:427,(anonymous_27)
FN:450,(anonymous_28)
FN:481,(anonymous_29)
FN:499,(anonymous_30)
FN:540,(anonymous_31)
FN:572,(anonymous_32)
FN:585,(anonymous_33)
FN:591,(anonymous_34)
FN:599,(anonymous_35)
FN:607,(anonymous_36)
FN:616,(anonymous_37)
FNF:38
FNH:0
FNDA:0,(anonymous_0)
FNDA:0,(anonymous_1)
FNDA:0,(anonymous_2)
FNDA:0,(anonymous_3)
FNDA:0,(anonymous_4)
FNDA:0,(anonymous_5)
FNDA:0,(anonymous_6)
FNDA:0,(anonymous_7)
FNDA:0,(anonymous_8)
FNDA:0,(anonymous_9)
FNDA:0,(anonymous_10)
FNDA:0,(anonymous_11)
FNDA:0,(anonymous_12)
FNDA:0,(anonymous_13)
FNDA:0,(anonymous_14)
FNDA:0,(anonymous_15)
FNDA:0,(anonymous_16)
FNDA:0,(anonymous_17)
FNDA:0,(anonymous_18)
FNDA:0,(anonymous_19)
FNDA:0,(anonymous_20)
FNDA:0,(anonymous_21)
FNDA:0,(anonymous_22)
FNDA:0,(anonymous_23)
FNDA:0,(anonymous_24)
FNDA:0,(anonymous_25)
FNDA:0,(anonymous_26)
FNDA:0,(anonymous_27)
FNDA:0,(anonymous_28)
FNDA:0,(anonymous_29)
FNDA:0,(anonymous_30)
FNDA:0,(anonymous_31)
FNDA:0,(anonymous_32)
FNDA:0,(anonymous_33)
FNDA:0,(anonymous_34)
FNDA:0,(anonymous_35)
FNDA:0,(anonymous_36)
FNDA:0,(anonymous_37)
DA:179,0
DA:181,0
DA:183,0
DA:192,0
DA:205,0
DA:214,0
DA:215,0
DA:216,0
DA:217,0
DA:222,0
DA:223,0
DA:224,0
DA:226,0
DA:254,0
DA:255,0
DA:257,0
DA:261,0
DA:262,0
DA:267,0
DA:271,0
DA:272,0
DA:273,0
DA:276,0
DA:277,0
DA:278,0
DA:282,0
DA:284,0
DA:289,0
DA:290,0
DA:291,0
DA:292,0
DA:294,0
DA:295,0
DA:296,0
DA:298,0
DA:299,0
DA:300,0
DA:304,0
DA:321,0
DA:323,0
DA:324,0
DA:325,0
DA:326,0
DA:337,0
DA:338,0
DA:339,0
DA:340,0
DA:349,0
DA:354,0
DA:355,0
DA:358,0
DA:359,0
DA:360,0
DA:361,0
DA:369,0
DA:382,0
DA:384,0
DA:386,0
DA:391,0
DA:398,0
DA:399,0
DA:403,0
DA:404,0
DA:405,0
DA:408,0
DA:409,0
DA:411,0
DA:424,0
DA:426,0
DA:427,0
DA:428,0
DA:429,0
DA:431,0
DA:446,0
DA:451,0
DA:452,0
DA:455,0
DA:456,0
DA:468,0
DA:469,0
DA:481,0
DA:482,0
DA:483,0
DA:495,0
DA:500,0
DA:541,0
DA:573,0
DA:581,0
DA:586,0
DA:587,0
DA:588,0
DA:592,0
DA:593,0
DA:594,0
DA:595,0
DA:600,0
DA:601,0
DA:602,0
DA:603,0
DA:608,0
DA:609,0
DA:610,0
DA:611,0
DA:612,0
DA:617,0
DA:618,0
DA:619,0
DA:620,0
DA:621,0
LF:109
LH:0
BRDA:261,0,0,0
BRDA:298,1,0,0
BRDA:299,2,0,0
BRDA:299,2,1,0
BRDA:299,3,0,0
BRDA:299,3,1,0
BRDA:300,4,0,0
BRDA:300,4,1,0
BRDA:311,5,0,0
BRDA:311,5,1,0
BRDA:324,6,0,0
BRDA:324,7,0,0
BRDA:324,7,1,0
BRDA:328,8,0,0
BRDA:328,8,1,0
BRDA:337,9,0,0
BRDA:337,10,0,0
BRDA:337,10,1,0
BRDA:408,11,0,0
BRDA:408,11,1,0
BRDA:409,12,0,0
BRDA:409,12,1,0
BRDA:409,13,0,0
BRDA:409,13,1,0
BRDA:429,14,0,0
BRDA:429,14,1,0
BRDA:429,15,0,0
BRDA:429,15,1,0
BRDA:432,16,0,0
BRDA:432,16,1,0
BRDA:436,17,0,0
BRDA:436,17,1,0
BRDA:436,18,0,0
BRDA:436,18,1,0
BRDA:441,19,0,0
BRDA:441,19,1,0
BRDA:441,20,0,0
BRDA:441,20,1,0
BRDA:455,21,0,0
BRDA:468,22,0,0
BRDA:482,23,0,0
BRDA:586,24,0,0
BRDA:587,25,0,0
BRDA:592,26,0,0
BRDA:592,26,1,0
BRDA:592,26,2,0
BRDA:592,26,3,0
BRDA:592,26,4,0
BRDA:592,26,5,0
BRDA:600,27,0,0
BRDA:600,27,1,0
BRDA:600,27,2,0
BRDA:600,27,3,0
BRDA:600,27,4,0
BRDA:600,27,5,0
BRDA:608,28,0,0
BRDA:608,28,1,0
BRDA:608,28,2,0
BRDA:608,28,3,0
BRDA:617,29,0,0
BRDA:617,29,1,0
BRDA:617,29,2,0
BRDA:617,29,3,0
BRF:63
BRH:0
end_of_record
TN:
SF:src/app/platforms/group-admin/pages/groups/groups.page.ts
FN:197,(anonymous_0)
FN:210,(anonymous_1)
FN:219,(anonymous_2)
FN:224,(anonymous_3)
FN:233,(anonymous_4)
FN:237,(anonymous_5)
FN:250,(anonymous_6)
FN:264,(anonymous_7)
FN:278,(anonymous_8)
FN:288,(anonymous_9)
FN:293,(anonymous_10)
FN:299,(anonymous_11)
FN:310,(anonymous_12)
FN:315,(anonymous_13)
FN:331,(anonymous_14)
FN:344,(anonymous_15)
FN:351,(anonymous_16)
FN:371,(anonymous_17)
FN:380,(anonymous_18)
FN:393,(anonymous_19)
FN:395,(anonymous_20)
FN:411,(anonymous_21)
FN:416,(anonymous_22)
FN:422,(anonymous_23)
FN:429,(anonymous_24)
FN:435,(anonymous_25)
FN:441,(anonymous_26)
FN:462,(anonymous_27)
FN:465,(anonymous_28)
FN:468,(anonymous_29)
FN:481,(anonymous_30)
FN:484,(anonymous_31)
FN:498,(anonymous_32)
FN:503,(anonymous_33)
FN:513,(anonymous_34)
FN:520,(anonymous_35)
FN:541,(anonymous_36)
FN:553,(anonymous_37)
FN:559,(anonymous_38)
FN:573,(anonymous_39)
FN:579,(anonymous_40)
FN:605,(anonymous_41)
FN:607,(anonymous_42)
FN:613,(anonymous_43)
FN:618,(anonymous_44)
FN:642,(anonymous_45)
FN:654,(anonymous_46)
FN:659,(anonymous_47)
FN:664,(anonymous_48)
FN:665,(anonymous_49)
FN:668,(anonymous_50)
FN:672,(anonymous_51)
FN:678,(anonymous_52)
FN:684,(anonymous_53)
FN:690,(anonymous_54)
FN:699,(anonymous_55)
FN:721,(anonymous_56)
FN:731,(anonymous_57)
FN:768,(anonymous_58)
FN:772,(anonymous_59)
FN:776,(anonymous_60)
FN:787,(anonymous_61)
FN:801,(anonymous_62)
FNF:63
FNH:0
FNDA:0,(anonymous_0)
FNDA:0,(anonymous_1)
FNDA:0,(anonymous_2)
FNDA:0,(anonymous_3)
FNDA:0,(anonymous_4)
FNDA:0,(anonymous_5)
FNDA:0,(anonymous_6)
FNDA:0,(anonymous_7)
FNDA:0,(anonymous_8)
FNDA:0,(anonymous_9)
FNDA:0,(anonymous_10)
FNDA:0,(anonymous_11)
FNDA:0,(anonymous_12)
FNDA:0,(anonymous_13)
FNDA:0,(anonymous_14)
FNDA:0,(anonymous_15)
FNDA:0,(anonymous_16)
FNDA:0,(anonymous_17)
FNDA:0,(anonymous_18)
FNDA:0,(anonymous_19)
FNDA:0,(anonymous_20)
FNDA:0,(anonymous_21)
FNDA:0,(anonymous_22)
FNDA:0,(anonymous_23)
FNDA:0,(anonymous_24)
FNDA:0,(anonymous_25)
FNDA:0,(anonymous_26)
FNDA:0,(anonymous_27)
FNDA:0,(anonymous_28)
FNDA:0,(anonymous_29)
FNDA:0,(anonymous_30)
FNDA:0,(anonymous_31)
FNDA:0,(anonymous_32)
FNDA:0,(anonymous_33)
FNDA:0,(anonymous_34)
FNDA:0,(anonymous_35)
FNDA:0,(anonymous_36)
FNDA:0,(anonymous_37)
FNDA:0,(anonymous_38)
FNDA:0,(anonymous_39)
FNDA:0,(anonymous_40)
FNDA:0,(anonymous_41)
FNDA:0,(anonymous_42)
FNDA:0,(anonymous_43)
FNDA:0,(anonymous_44)
FNDA:0,(anonymous_45)
FNDA:0,(anonymous_46)
FNDA:0,(anonymous_47)
FNDA:0,(anonymous_48)
FNDA:0,(anonymous_49)
FNDA:0,(anonymous_50)
FNDA:0,(anonymous_51)
FNDA:0,(anonymous_52)
FNDA:0,(anonymous_53)
FNDA:0,(anonymous_54)
FNDA:0,(anonymous_55)
FNDA:0,(anonymous_56)
FNDA:0,(anonymous_57)
FNDA:0,(anonymous_58)
FNDA:0,(anonymous_59)
FNDA:0,(anonymous_60)
FNDA:0,(anonymous_61)
FNDA:0,(anonymous_62)
DA:176,0
DA:178,0
DA:179,0
DA:180,0
DA:181,0
DA:182,0
DA:183,0
DA:184,0
DA:185,0
DA:186,0
DA:187,0
DA:188,0
DA:189,0
DA:198,0
DA:199,0
DA:200,0
DA:201,0
DA:202,0
DA:203,0
DA:205,0
DA:206,0
DA:207,0
DA:211,0
DA:212,0
DA:213,0
DA:216,0
DA:219,0
DA:220,0
DA:223,0
DA:224,0
DA:225,0
DA:226,0
DA:227,0
DA:234,0
DA:239,0
DA:240,0
DA:241,0
DA:242,0
DA:243,0
DA:245,0
DA:251,0
DA:252,0
DA:253,0
DA:265,0
DA:278,0
DA:279,0
DA:280,0
DA:281,0
DA:283,0
DA:290,0
DA:293,0
DA:300,0
DA:301,0
DA:302,0
DA:303,0
DA:305,0
DA:307,0
DA:311,0
DA:312,0
DA:316,0
DA:317,0
DA:318,0
DA:319,0
DA:322,0
DA:330,0
DA:333,0
DA:339,0
DA:340,0
DA:345,0
DA:346,0
DA:352,0
DA:356,0
DA:357,0
DA:361,0
DA:364,0
DA:372,0
DA:373,0
DA:374,0
DA:375,0
DA:377,0
DA:381,0
DA:382,0
DA:383,0
DA:384,0
DA:389,0
DA:395,0
DA:396,0
DA:397,0
DA:400,0
DA:401,0
DA:404,0
DA:408,0
DA:412,0
DA:414,0
DA:415,0
DA:417,0
DA:423,0
DA:424,0
DA:425,0
DA:427,0
DA:429,0
DA:432,0
DA:435,0
DA:436,0
DA:440,0
DA:441,0
DA:442,0
DA:446,0
DA:451,0
DA:452,0
DA:458,0
DA:463,0
DA:465,0
DA:466,0
DA:467,0
DA:468,0
DA:470,0
DA:472,0
DA:477,0
DA:482,0
DA:484,0
DA:485,0
DA:486,0
DA:491,0
DA:499,0
DA:501,0
DA:503,0
DA:504,0
DA:509,0
DA:514,0
DA:516,0
DA:517,0
DA:521,0
DA:524,0
DA:525,0
DA:526,0
DA:527,0
DA:528,0
DA:532,0
DA:533,0
DA:534,0
DA:536,0
DA:537,0
DA:538,0
DA:542,0
DA:543,0
DA:544,0
DA:549,0
DA:554,0
DA:560,0
DA:574,0
DA:576,0
DA:579,0
DA:582,0
DA:583,0
DA:586,0
DA:591,0
DA:592,0
DA:602,0
DA:607,0
DA:608,0
DA:609,0
DA:610,0
DA:614,0
DA:619,0
DA:632,0
DA:633,0
DA:634,0
DA:638,0
DA:643,0
DA:645,0
DA:648,0
DA:649,0
DA:655,0
DA:656,0
DA:660,0
DA:661,0
DA:665,0
DA:673,0
DA:674,0
DA:679,0
DA:680,0
DA:685,0
DA:686,0
DA:687,0
DA:691,0
DA:692,0
DA:693,0
DA:694,0
DA:695,0
DA:700,0
DA:702,0
DA:703,0
DA:705,0
DA:709,0
DA:711,0
DA:716,0
DA:718,0
DA:719,0
DA:720,0
DA:721,0
DA:723,0
DA:724,0
DA:725,0
DA:727,0
DA:732,0
DA:733,0
DA:737,0
DA:740,0
DA:741,0
DA:743,0
DA:750,0
DA:754,0
DA:760,0
DA:761,0
DA:769,0
DA:773,0
DA:777,0
DA:788,0
DA:790,0
DA:791,0
DA:798,0
DA:802,0
DA:804,0
DA:805,0
LF:225
LH:0
BRDA:223,0,0,0
BRDA:225,1,0,0
BRDA:239,2,0,0
BRDA:252,3,0,0
BRDA:255,4,0,0
BRDA:255,4,1,0
BRDA:255,5,0,0
BRDA:255,5,1,0
BRDA:258,6,0,0
BRDA:258,6,1,0
BRDA:280,7,0,0
BRDA:280,7,1,0
BRDA:301,8,0,0
BRDA:301,8,1,0
BRDA:316,9,0,0
BRDA:316,9,1,0
BRDA:325,10,0,0
BRDA:325,10,1,0
BRDA:396,11,0,0
BRDA:396,11,1,0
BRDA:400,12,0,0
BRDA:400,12,1,0
BRDA:412,13,0,0
BRDA:417,14,0,0
BRDA:417,14,1,0
BRDA:424,15,0,0
BRDA:424,15,1,0
BRDA:425,16,0,0
BRDA:425,16,1,0
BRDA:436,17,0,0
BRDA:436,17,1,0
BRDA:440,18,0,0
BRDA:442,19,0,0
BRDA:442,19,1,0
BRDA:458,20,0,0
BRDA:458,20,1,0
BRDA:466,21,0,0
BRDA:485,22,0,0
BRDA:485,22,1,0
BRDA:487,23,0,0
BRDA:487,23,1,0
BRDA:499,24,0,0
BRDA:524,25,0,0
BRDA:524,26,0,0
BRDA:524,26,1,0
BRDA:533,27,0,0
BRDA:534,28,0,0
BRDA:582,29,0,0
BRDA:608,30,0,0
BRDA:608,30,1,0
BRDA:633,31,0,0
BRDA:643,32,0,0
BRDA:643,32,1,0
BRDA:655,33,0,0
BRDA:655,34,0,0
BRDA:655,34,1,0
BRDA:656,35,0,0
BRDA:656,35,1,0
BRDA:656,36,0,0
BRDA:656,36,1,0
BRDA:665,37,0,0
BRDA:665,37,1,0
BRDA:673,38,0,0
BRDA:679,39,0,0
BRDA:686,40,0,0
BRDA:686,40,1,0
BRDA:691,41,0,0
BRDA:691,41,1,0
BRDA:691,41,2,0
BRDA:691,41,3,0
BRDA:700,42,0,0
BRDA:700,42,1,0
BRDA:700,42,2,0
BRDA:700,42,3,0
BRDA:718,43,0,0
BRDA:718,43,1,0
BRDA:724,44,0,0
BRDA:732,45,0,0
BRDA:741,46,0,0
BRDA:769,47,0,0
BRDA:769,47,1,0
BRDA:773,48,0,0
BRDA:773,48,1,0
BRDA:790,49,0,0
BRDA:804,50,0,0
BRF:85
BRH:0
end_of_record
TN:
SF:src/app/platforms/group-admin/pages/groups/group-leaderboard/group-leaderboard.page.ts
FN:187,(anonymous_0)
FN:204,(anonymous_1)
FN:205,(anonymous_2)
FN:211,(anonymous_3)
FN:217,(anonymous_4)
FN:223,(anonymous_5)
FN:227,(anonymous_6)
FN:237,(anonymous_7)
FN:254,(anonymous_8)
FN:258,(anonymous_9)
FN:262,(anonymous_10)
FN:268,(anonymous_11)
FN:274,(anonymous_12)
FNF:13
FNH:0
FNDA:0,(anonymous_0)
FNDA:0,(anonymous_1)
FNDA:0,(anonymous_2)
FNDA:0,(anonymous_3)
FNDA:0,(anonymous_4)
FNDA:0,(anonymous_5)
FNDA:0,(anonymous_6)
FNDA:0,(anonymous_7)
FNDA:0,(anonymous_8)
FNDA:0,(anonymous_9)
FNDA:0,(anonymous_10)
FNDA:0,(anonymous_11)
FNDA:0,(anonymous_12)
DA:180,0
DA:181,0
DA:182,0
DA:183,0
DA:184,0
DA:188,0
DA:189,0
DA:190,0
DA:191,0
DA:193,0
DA:205,0
DA:206,0
DA:207,0
DA:211,0
DA:213,0
DA:218,0
DA:219,0
DA:226,0
DA:227,0
DA:229,0
DA:230,0
DA:234,0
DA:237,0
DA:246,0
DA:250,0
DA:255,0
DA:257,0
DA:258,0
DA:262,0
DA:263,0
DA:268,0
DA:275,0
LF:32
LH:0
BRDA:218,0,0,0
BRDA:229,1,0,0
BRDA:229,1,1,0
BRDA:255,2,0,0
BRDA:255,2,1,0
BRF:5
BRH:0
end_of_record
TN:
SF:src/app/platforms/group-admin/pages/leaderboard/leaderboard.page.ts
FN:69,(anonymous_0)
FN:83,(anonymous_1)
FN:89,(anonymous_2)
FN:95,(anonymous_3)
FN:101,(anonymous_4)
FN:105,(anonymous_5)
FN:129,(anonymous_6)
FN:133,(anonymous_7)
FN:137,(anonymous_8)
FN:141,(anonymous_9)
FNF:10
FNH:0
FNDA:0,(anonymous_0)
FNDA:0,(anonymous_1)
FNDA:0,(anonymous_2)
FNDA:0,(anonymous_3)
FNDA:0,(anonymous_4)
FNDA:0,(anonymous_5)
FNDA:0,(anonymous_6)
FNDA:0,(anonymous_7)
FNDA:0,(anonymous_8)
FNDA:0,(anonymous_9)
DA:64,0
DA:65,0
DA:66,0
DA:70,0
DA:71,0
DA:72,0
DA:74,0
DA:85,0
DA:86,0
DA:89,0
DA:91,0
DA:96,0
DA:97,0
DA:103,0
DA:105,0
DA:107,0
DA:110,0
DA:114,0
DA:130,0
DA:134,0
DA:138,0
DA:142,0
LF:22
LH:0
BRDA:85,0,0,0
BRDA:85,0,1,0
BRDA:96,1,0,0
BRF:3
BRH:0
end_of_record
TN:
SF:src/app/platforms/group-admin/pages/live/live.page.ts
FN:88,(anonymous_0)
FN:97,(anonymous_1)
FN:102,(anonymous_2)
FN:108,(anonymous_3)
FN:195,(anonymous_4)
FN:197,(anonymous_5)
FN:205,(anonymous_6)
FN:208,(anonymous_7)
FN:245,(anonymous_8)
FN:251,(anonymous_9)
FN:260,(anonymous_10)
FN:285,(anonymous_11)
FN:300,(anonymous_12)
FN:313,(anonymous_13)
FN:317,(anonymous_14)
FN:321,(anonymous_15)
FN:334,(anonymous_16)
FNF:17
FNH:0
FNDA:0,(anonymous_0)
FNDA:0,(anonymous_1)
FNDA:0,(anonymous_2)
FNDA:0,(anonymous_3)
FNDA:0,(anonymous_4)
FNDA:0,(anonymous_5)
FNDA:0,(anonymous_6)
FNDA:0,(anonymous_7)
FNDA:0,(anonymous_8)
FNDA:0,(anonymous_9)
FNDA:0,(anonymous_10)
FNDA:0,(anonymous_11)
FNDA:0,(anonymous_12)
FNDA:0,(anonymous_13)
FNDA:0,(anonymous_14)
FNDA:0,(anonymous_15)
FNDA:0,(anonymous_16)
DA:80,0
DA:81,0
DA:82,0
DA:83,0
DA:84,0
DA:85,0
DA:89,0
DA:98,0
DA:99,0
DA:103,0
DA:104,0
DA:110,0
DA:146,0
DA:149,0
DA:191,0
DA:192,0
DA:197,0
DA:198,0
DA:202,0
DA:208,0
DA:209,0
DA:210,0
DA:218,0
DA:219,0
DA:230,0
DA:231,0
DA:232,0
DA:241,0
DA:246,0
DA:247,0
DA:248,0
DA:252,0
DA:253,0
DA:254,0
DA:261,0
DA:262,0
DA:263,0
DA:268,0
DA:269,0
DA:273,0
DA:274,0
DA:278,0
DA:279,0
DA:282,0
DA:286,0
DA:288,0
DA:289,0
DA:291,0
DA:292,0
DA:294,0
DA:295,0
DA:297,0
DA:301,0
DA:303,0
DA:305,0
DA:307,0
DA:309,0
DA:314,0
DA:318,0
DA:322,0
DA:325,0
DA:327,0
DA:328,0
DA:335,0
DA:338,0
LF:65
LH:0
BRDA:103,0,0,0
BRDA:209,1,0,0
BRDA:218,2,0,0
BRDA:230,3,0,0
BRDA:231,4,0,0
BRDA:231,4,1,0
BRDA:248,5,0,0
BRDA:248,5,1,0
BRDA:255,6,0,0
BRDA:255,6,1,0
BRDA:268,7,0,0
BRDA:268,8,0,0
BRDA:268,8,1,0
BRDA:273,9,0,0
BRDA:278,10,0,0
BRDA:286,11,0,0
BRDA:286,12,0,0
BRDA:286,12,1,0
BRDA:291,13,0,0
BRDA:291,14,0,0
BRDA:291,14,1,0
BRDA:294,15,0,0
BRDA:294,16,0,0
BRDA:294,16,1,0
BRDA:301,17,0,0
BRDA:301,17,1,0
BRDA:301,17,2,0
BRDA:301,17,3,0
BRDA:327,18,0,0
BRDA:327,19,0,0
BRDA:327,19,1,0
BRDA:338,20,0,0
BRDA:338,20,1,0
BRF:33
BRH:0
end_of_record
TN:
SF:src/app/platforms/group-admin/pages/members/members.page.ts
FN:121,(anonymous_0)
FN:144,(anonymous_1)
FN:150,(anonymous_2)
FN:156,(anonymous_3)
FN:160,(anonymous_4)
FN:161,(anonymous_5)
FN:176,(anonymous_6)
FN:179,(anonymous_7)
FN:181,(anonymous_8)
FN:183,(anonymous_9)
FN:185,(anonymous_10)
FN:191,(anonymous_11)
FN:196,(anonymous_12)
FN:201,(anonymous_13)
FN:208,(anonymous_14)
FN:211,(anonymous_15)
FN:214,(anonymous_16)
FN:217,(anonymous_17)
FN:224,(anonymous_18)
FN:235,(anonymous_19)
FN:246,(anonymous_20)
FN:257,(anonymous_21)
FN:268,(anonymous_22)
FN:279,(anonymous_23)
FN:280,(anonymous_24)
FNF:25
FNH:0
FNDA:0,(anonymous_0)
FNDA:0,(anonymous_1)
FNDA:0,(anonymous_2)
FNDA:0,(anonymous_3)
FNDA:0,(anonymous_4)
FNDA:0,(anonymous_5)
FNDA:0,(anonymous_6)
FNDA:0,(anonymous_7)
FNDA:0,(anonymous_8)
FNDA:0,(anonymous_9)
FNDA:0,(anonymous_10)
FNDA:0,(anonymous_11)
FNDA:0,(anonymous_12)
FNDA:0,(anonymous_13)
FNDA:0,(anonymous_14)
FNDA:0,(anonymous_15)
FNDA:0,(anonymous_16)
FNDA:0,(anonymous_17)
FNDA:0,(anonymous_18)
FNDA:0,(anonymous_19)
FNDA:0,(anonymous_20)
FNDA:0,(anonymous_21)
FNDA:0,(anonymous_22)
FNDA:0,(anonymous_23)
FNDA:0,(anonymous_24)
DA:110,0
DA:111,0
DA:112,0
DA:113,0
DA:114,0
DA:116,0
DA:117,0
DA:122,0
DA:123,0
DA:125,0
DA:146,0
DA:147,0
DA:151,0
DA:152,0
DA:158,0
DA:160,0
DA:161,0
DA:173,0
DA:177,0
DA:179,0
DA:181,0
DA:183,0
DA:185,0
DA:187,0
DA:192,0
DA:193,0
DA:197,0
DA:198,0
DA:203,0
DA:206,0
DA:208,0
DA:209,0
DA:211,0
DA:212,0
DA:214,0
DA:215,0
DA:217,0
DA:218,0
DA:222,0
DA:223,0
DA:224,0
DA:225,0
DA:231,0
DA:237,0
DA:242,0
DA:248,0
DA:253,0
DA:259,0
DA:264,0
DA:270,0
DA:275,0
DA:280,0
DA:282,0
LF:53
LH:0
BRDA:151,0,0,0
BRDA:177,1,0,0
BRDA:177,1,1,0
BRDA:177,1,2,0
BRDA:177,1,3,0
BRDA:177,1,4,0
BRDA:181,2,0,0
BRDA:181,2,1,0
BRDA:183,3,0,0
BRDA:183,3,1,0
BRDA:206,4,0,0
BRDA:206,4,1,0
BRDA:206,4,2,0
BRDA:206,4,3,0
BRDA:211,5,0,0
BRDA:211,5,1,0
BRDA:214,6,0,0
BRDA:214,6,1,0
BRDA:222,7,0,0
BRDA:225,8,0,0
BRDA:225,8,1,0
BRDA:225,8,2,0
BRF:22
BRH:0
end_of_record
TN:
SF:src/app/platforms/group-admin/pages/predictions/predictions.page.ts
FN:165,(anonymous_0)
FN:182,(anonymous_1)
FN:186,(anonymous_2)
FN:192,(anonymous_3)
FN:209,(anonymous_4)
FN:230,(anonymous_5)
FN:351,(anonymous_6)
FN:359,(anonymous_7)
FN:367,(anonymous_8)
FN:380,(anonymous_9)
FN:393,(anonymous_10)
FN:394,(anonymous_11)
FN:418,(anonymous_12)
FN:421,(anonymous_13)
FN:422,(anonymous_14)
FN:440,(anonymous_15)
FN:452,(anonymous_16)
FN:466,(anonymous_17)
FN:468,(anonymous_18)
FN:478,(anonymous_19)
FN:484,(anonymous_20)
FN:504,(anonymous_21)
FN:609,(anonymous_22)
FN:621,(anonymous_23)
FN:626,(anonymous_24)
FN:632,(anonymous_25)
FN:639,(anonymous_26)
FN:655,(anonymous_27)
FN:660,(anonymous_28)
FN:662,(anonymous_29)
FN:670,(anonymous_30)
FN:678,(anonymous_31)
FN:682,(anonymous_32)
FN:686,(anonymous_33)
FN:690,(anonymous_34)
FN:700,(anonymous_35)
FN:712,(anonymous_36)
FN:721,(anonymous_37)
FN:761,(anonymous_38)
FN:765,(anonymous_39)
FNF:40
FNH:0
FNDA:0,(anonymous_0)
FNDA:0,(anonymous_1)
FNDA:0,(anonymous_2)
FNDA:0,(anonymous_3)
FNDA:0,(anonymous_4)
FNDA:0,(anonymous_5)
FNDA:0,(anonymous_6)
FNDA:0,(anonymous_7)
FNDA:0,(anonymous_8)
FNDA:0,(anonymous_9)
FNDA:0,(anonymous_10)
FNDA:0,(anonymous_11)
FNDA:0,(anonymous_12)
FNDA:0,(anonymous_13)
FNDA:0,(anonymous_14)
FNDA:0,(anonymous_15)
FNDA:0,(anonymous_16)
FNDA:0,(anonymous_17)
FNDA:0,(anonymous_18)
FNDA:0,(anonymous_19)
FNDA:0,(anonymous_20)
FNDA:0,(anonymous_21)
FNDA:0,(anonymous_22)
FNDA:0,(anonymous_23)
FNDA:0,(anonymous_24)
FNDA:0,(anonymous_25)
FNDA:0,(anonymous_26)
FNDA:0,(anonymous_27)
FNDA:0,(anonymous_28)
FNDA:0,(anonymous_29)
FNDA:0,(anonymous_30)
FNDA:0,(anonymous_31)
FNDA:0,(anonymous_32)
FNDA:0,(anonymous_33)
FNDA:0,(anonymous_34)
FNDA:0,(anonymous_35)
FNDA:0,(anonymous_36)
FNDA:0,(anonymous_37)
FNDA:0,(anonymous_38)
FNDA:0,(anonymous_39)
DA:143,0
DA:144,0
DA:145,0
DA:146,0
DA:147,0
DA:148,0
DA:150,0
DA:151,0
DA:152,0
DA:153,0
DA:155,0
DA:156,0
DA:157,0
DA:159,0
DA:160,0
DA:161,0
DA:162,0
DA:166,0
DA:167,0
DA:169,0
DA:172,0
DA:174,0
DA:175,0
DA:176,0
DA:177,0
DA:178,0
DA:179,0
DA:183,0
DA:187,0
DA:188,0
DA:194,0
DA:200,0
DA:208,0
DA:209,0
DA:213,0
DA:217,0
DA:219,0
DA:222,0
DA:231,0
DA:352,0
DA:353,0
DA:354,0
DA:355,0
DA:360,0
DA:361,0
DA:362,0
DA:363,0
DA:368,0
DA:370,0
DA:372,0
DA:374,0
DA:376,0
DA:381,0
DA:383,0
DA:385,0
DA:387,0
DA:389,0
DA:394,0
DA:395,0
DA:399,0
DA:400,0
DA:402,0
DA:403,0
DA:405,0
DA:406,0
DA:408,0
DA:409,0
DA:411,0
DA:414,0
DA:420,0
DA:421,0
DA:422,0
DA:430,0
DA:439,0
DA:440,0
DA:442,0
DA:443,0
DA:445,0
DA:449,0
DA:452,0
DA:453,0
DA:454,0
DA:458,0
DA:461,0
DA:468,0
DA:469,0
DA:470,0
DA:474,0
DA:475,0
DA:480,0
DA:481,0
DA:485,0
DA:505,0
DA:610,0
DA:611,0
DA:613,0
DA:617,0
DA:627,0
DA:629,0
DA:634,0
DA:635,0
DA:641,0
DA:644,0
DA:647,0
DA:648,0
DA:652,0
DA:657,0
DA:662,0
DA:663,0
DA:667,0
DA:672,0
DA:675,0
DA:679,0
DA:683,0
DA:687,0
DA:691,0
DA:692,0
DA:694,0
DA:695,0
DA:697,0
DA:701,0
DA:704,0
DA:706,0
DA:707,0
DA:708,0
DA:713,0
DA:716,0
DA:723,0
DA:752,0
DA:753,0
DA:757,0
DA:758,0
DA:762,0
DA:766,0
DA:767,0
DA:768,0
DA:769,0
DA:771,0
DA:773,0
DA:774,0
DA:777,0
DA:778,0
DA:779,0
DA:780,0
DA:782,0
DA:785,0
DA:786,0
DA:788,0
DA:791,0
LF:149
LH:0
BRDA:187,0,0,0
BRDA:195,1,0,0
BRDA:195,1,1,0
BRDA:195,2,0,0
BRDA:195,2,1,0
BRDA:195,2,2,0
BRDA:201,3,0,0
BRDA:201,3,1,0
BRDA:201,4,0,0
BRDA:201,4,1,0
BRDA:201,4,2,0
BRDA:209,5,0,0
BRDA:209,5,1,0
BRDA:214,6,0,0
BRDA:214,6,1,0
BRDA:217,7,0,0
BRDA:217,7,1,0
BRDA:352,8,0,0
BRDA:360,9,0,0
BRDA:368,10,0,0
BRDA:368,10,1,0
BRDA:368,10,2,0
BRDA:368,10,3,0
BRDA:381,11,0,0
BRDA:383,12,0,0
BRDA:383,12,1,0
BRDA:383,12,2,0
BRDA:400,13,0,0
BRDA:400,13,1,0
BRDA:400,13,2,0
BRDA:400,13,3,0
BRDA:414,14,0,0
BRDA:414,14,1,0
BRDA:421,15,0,0
BRDA:421,15,1,0
BRDA:442,16,0,0
BRDA:442,16,1,0
BRDA:611,17,0,0
BRDA:611,18,0,0
BRDA:611,18,1,0
BRDA:634,19,0,0
BRDA:647,20,0,0
BRDA:691,21,0,0
BRDA:694,22,0,0
BRDA:706,23,0,0
BRDA:706,24,0,0
BRDA:706,24,1,0
BRDA:716,25,0,0
BRDA:716,25,1,0
BRDA:752,26,0,0
BRDA:758,27,0,0
BRDA:758,27,1,0
BRDA:767,28,0,0
BRDA:768,29,0,0
BRDA:768,29,1,0
BRDA:778,30,0,0
BRDA:778,30,1,0
BRDA:778,31,0,0
BRDA:778,31,1,0
BRDA:778,31,2,0
BRDA:779,32,0,0
BRDA:779,32,1,0
BRDA:785,33,0,0
BRDA:785,33,1,0
BRF:64
BRH:0
end_of_record
TN:
SF:src/app/platforms/group-admin/pages/settings/settings.page.ts
FN:110,(anonymous_0)
FN:126,(anonymous_1)
FN:153,(anonymous_2)
FN:166,(anonymous_3)
FN:168,(anonymous_4)
FN:171,(anonymous_5)
FN:179,(anonymous_6)
FN:197,(anonymous_7)
FN:211,(anonymous_8)
FN:221,(anonymous_9)
FN:229,(anonymous_10)
FN:236,(anonymous_11)
FN:248,(anonymous_12)
FN:255,(anonymous_13)
FNF:14
FNH:0
FNDA:0,(anonymous_0)
FNDA:0,(anonymous_1)
FNDA:0,(anonymous_2)
FNDA:0,(anonymous_3)
FNDA:0,(anonymous_4)
FNDA:0,(anonymous_5)
FNDA:0,(anonymous_6)
FNDA:0,(anonymous_7)
FNDA:0,(anonymous_8)
FNDA:0,(anonymous_9)
FNDA:0,(anonymous_10)
FNDA:0,(anonymous_11)
FNDA:0,(anonymous_12)
FNDA:0,(anonymous_13)
DA:74,0
DA:75,0
DA:76,0
DA:77,0
DA:85,0
DA:91,0
DA:110,0
DA:111,0
DA:127,0
DA:128,0
DA:130,0
DA:131,0
DA:133,0
DA:134,0
DA:135,0
DA:139,0
DA:140,0
DA:141,0
DA:142,0
DA:146,0
DA:149,0
DA:152,0
DA:153,0
DA:154,0
DA:156,0
DA:158,0
DA:160,0
DA:161,0
DA:168,0
DA:172,0
DA:173,0
DA:175,0
DA:180,0
DA:181,0
DA:182,0
DA:185,0
DA:186,0
DA:187,0
DA:190,0
DA:191,0
DA:192,0
DA:195,0
DA:197,0
DA:198,0
DA:201,0
DA:207,0
DA:212,0
DA:213,0
DA:222,0
DA:230,0
DA:231,0
DA:237,0
DA:239,0
DA:240,0
DA:241,0
DA:242,0
DA:243,0
DA:248,0
DA:249,0
DA:251,0
DA:256,0
DA:257,0
DA:258,0
DA:259,0
DA:261,0
LF:65
LH:0
BRDA:130,0,0,0
BRDA:133,1,0,0
BRDA:140,2,0,0
BRDA:180,3,0,0
BRDA:180,4,0,0
BRDA:180,4,1,0
BRDA:180,4,2,0
BRDA:185,5,0,0
BRDA:190,6,0,0
BRDA:212,7,0,0
BRDA:231,8,0,0
BRDA:239,9,0,0
BRDA:241,10,0,0
BRF:13
BRH:0
end_of_record
TN:
SF:src/app/platforms/player/player.routes.ts
FN:6,(anonymous_0)
FN:7,(anonymous_1)
FN:11,(anonymous_2)
FN:13,(anonymous_3)
FN:18,(anonymous_4)
FN:19,(anonymous_5)
FN:23,(anonymous_6)
FN:25,(anonymous_7)
FN:30,(anonymous_8)
FN:32,(anonymous_9)
FN:37,(anonymous_10)
FN:39,(anonymous_11)
FN:44,(anonymous_12)
FN:46,(anonymous_13)
FN:51,(anonymous_14)
FN:52,(anonymous_15)
FN:56,(anonymous_16)
FN:57,(anonymous_17)
FNF:18
FNH:0
FNDA:0,(anonymous_0)
FNDA:0,(anonymous_1)
FNDA:0,(anonymous_2)
FNDA:0,(anonymous_3)
FNDA:0,(anonymous_4)
FNDA:0,(anonymous_5)
FNDA:0,(anonymous_6)
FNDA:0,(anonymous_7)
FNDA:0,(anonymous_8)
FNDA:0,(anonymous_9)
FNDA:0,(anonymous_10)
FNDA:0,(anonymous_11)
FNDA:0,(anonymous_12)
FNDA:0,(anonymous_13)
FNDA:0,(anonymous_14)
FNDA:0,(anonymous_15)
FNDA:0,(anonymous_16)
FNDA:0,(anonymous_17)
DA:3,0
DA:7,0
DA:12,0
DA:13,0
DA:19,0
DA:24,0
DA:25,0
DA:31,0
DA:32,0
DA:38,0
DA:39,0
DA:45,0
DA:46,0
DA:52,0
DA:57,0
LF:15
LH:0
BRF:0
BRH:0
end_of_record
TN:
SF:src/app/platforms/player/layout/player-layout.page.ts
FN:36,(anonymous_0)
FNF:1
FNH:0
FNDA:0,(anonymous_0)
DA:35,0
DA:37,0
LF:2
LH:0
BRF:0
BRH:0
end_of_record
TN:
SF:src/app/platforms/player/pages/dashboard/dashboard.page.ts
FN:203,(anonymous_0)
FN:218,(anonymous_1)
FN:229,(anonymous_2)
FN:240,(anonymous_3)
FNF:4
FNH:0
FNDA:0,(anonymous_0)
FNDA:0,(anonymous_1)
FNDA:0,(anonymous_2)
FNDA:0,(anonymous_3)
DA:96,0
DA:98,0
DA:122,0
DA:152,0
DA:160,0
DA:203,0
DA:204,0
DA:219,0
DA:221,0
DA:223,0
DA:225,0
DA:230,0
DA:232,0
DA:234,0
DA:236,0
DA:241,0
LF:16
LH:0
BRDA:219,0,0,0
BRDA:219,0,1,0
BRDA:219,0,2,0
BRDA:230,1,0,0
BRDA:230,1,1,0
BRDA:230,1,2,0
BRF:6
BRH:0
end_of_record
TN:
SF:src/app/platforms/player/pages/group-standings/group-standings.page.ts
FN:76,(anonymous_0)
FN:92,(anonymous_1)
FN:99,(anonymous_2)
FN:104,(anonymous_3)
FN:110,(anonymous_4)
FN:124,(anonymous_5)
FN:129,(anonymous_6)
FN:140,(anonymous_7)
FN:151,(anonymous_8)
FN:155,(anonymous_9)
FNF:10
FNH:0
FNDA:0,(anonymous_0)
FNDA:0,(anonymous_1)
FNDA:0,(anonymous_2)
FNDA:0,(anonymous_3)
FNDA:0,(anonymous_4)
FNDA:0,(anonymous_5)
FNDA:0,(anonymous_6)
FNDA:0,(anonymous_7)
FNDA:0,(anonymous_8)
FNDA:0,(anonymous_9)
DA:68,0
DA:69,0
DA:70,0
DA:71,0
DA:72,0
DA:73,0
DA:77,0
DA:78,0
DA:79,0
DA:80,0
DA:82,0
DA:93,0
DA:94,0
DA:96,0
DA:99,0
DA:100,0
DA:105,0
DA:106,0
DA:112,0
DA:114,0
DA:115,0
DA:116,0
DA:117,0
DA:120,0
DA:125,0
DA:126,0
DA:130,0
DA:132,0
DA:134,0
DA:136,0
DA:141,0
DA:143,0
DA:145,0
DA:147,0
DA:152,0
DA:156,0
LF:36
LH:0
BRDA:93,0,0,0
BRDA:93,0,1,0
BRDA:94,1,0,0
BRDA:94,1,1,0
BRDA:105,2,0,0
BRDA:114,3,0,0
BRDA:114,3,1,0
BRDA:125,4,0,0
BRDA:126,5,0,0
BRDA:126,5,1,0
BRDA:130,6,0,0
BRDA:130,6,1,0
BRDA:130,6,2,0
BRDA:141,7,0,0
BRDA:141,7,1,0
BRDA:141,7,2,0
BRF:16
BRH:0
end_of_record
TN:
SF:src/app/platforms/player/pages/groups/groups.page.ts
FN:96,(anonymous_0)
FN:116,(anonymous_1)
FN:120,(anonymous_2)
FN:125,(anonymous_3)
FN:131,(anonymous_4)
FN:135,(anonymous_5)
FN:140,(anonymous_6)
FN:145,(anonymous_7)
FN:150,(anonymous_8)
FN:155,(anonymous_9)
FN:188,(anonymous_10)
FN:195,(anonymous_11)
FN:200,(anonymous_12)
FN:214,(anonymous_13)
FN:219,(anonymous_14)
FNF:15
FNH:0
FNDA:0,(anonymous_0)
FNDA:0,(anonymous_1)
FNDA:0,(anonymous_2)
FNDA:0,(anonymous_3)
FNDA:0,(anonymous_4)
FNDA:0,(anonymous_5)
FNDA:0,(anonymous_6)
FNDA:0,(anonymous_7)
FNDA:0,(anonymous_8)
FNDA:0,(anonymous_9)
FNDA:0,(anonymous_10)
FNDA:0,(anonymous_11)
FNDA:0,(anonymous_12)
FNDA:0,(anonymous_13)
FNDA:0,(anonymous_14)
DA:89,0
DA:90,0
DA:91,0
DA:92,0
DA:93,0
DA:97,0
DA:98,0
DA:99,0
DA:101,0
DA:117,0
DA:120,0
DA:121,0
DA:126,0
DA:127,0
DA:132,0
DA:136,0
DA:137,0
DA:141,0
DA:142,0
DA:146,0
DA:147,0
DA:151,0
DA:152,0
DA:156,0
DA:158,0
DA:160,0
DA:161,0
DA:163,0
DA:164,0
DA:165,0
DA:168,0
DA:170,0
DA:171,0
DA:175,0
DA:178,0
DA:179,0
DA:180,0
DA:182,0
DA:184,0
DA:190,0
DA:201,0
DA:202,0
DA:204,0
DA:206,0
DA:208,0
DA:210,0
DA:216,0
DA:220,0
LF:48
LH:0
BRDA:126,0,0,0
BRDA:156,1,0,0
BRDA:156,2,0,0
BRDA:156,2,1,0
BRDA:163,3,0,0
BRDA:170,4,0,0
BRDA:179,5,0,0
BRDA:201,6,0,0
BRDA:201,7,0,0
BRDA:201,7,1,0
BRDA:202,8,0,0
BRDA:202,8,1,0
BRDA:202,8,2,0
BRDA:202,8,3,0
BRF:14
BRH:0
end_of_record
TN:
SF:src/app/platforms/player/pages/join-group/join-group.page.ts
FN:116,(anonymous_0)
FN:100,(anonymous_1)
FN:109,(anonymous_2)
FN:125,(anonymous_3)
FN:132,(anonymous_4)
FN:137,(anonymous_5)
FN:143,(anonymous_6)
FN:156,(anonymous_7)
FN:160,(anonymous_8)
FN:166,(anonymous_9)
FN:172,(anonymous_10)
FN:222,(anonymous_11)
FN:248,(anonymous_12)
FN:253,(anonymous_13)
FN:257,(anonymous_14)
FNF:15
FNH:0
FNDA:0,(anonymous_0)
FNDA:0,(anonymous_1)
FNDA:0,(anonymous_2)
FNDA:0,(anonymous_3)
FNDA:0,(anonymous_4)
FNDA:0,(anonymous_5)
FNDA:0,(anonymous_6)
FNDA:0,(anonymous_7)
FNDA:0,(anonymous_8)
FNDA:0,(anonymous_9)
FNDA:0,(anonymous_10)
FNDA:0,(anonymous_11)
FNDA:0,(anonymous_12)
FNDA:0,(anonymous_13)
FNDA:0,(anonymous_14)
DA:83,0
DA:84,0
DA:85,0
DA:86,0
DA:87,0
DA:88,0
DA:89,0
DA:90,0
DA:92,0
DA:94,0
DA:96,0
DA:102,0
DA:103,0
DA:104,0
DA:111,0
DA:117,0
DA:118,0
DA:119,0
DA:120,0
DA:122,0
DA:126,0
DA:129,0
DA:132,0
DA:133,0
DA:138,0
DA:139,0
DA:145,0
DA:146,0
DA:147,0
DA:148,0
DA:149,0
DA:151,0
DA:157,0
DA:161,0
DA:162,0
DA:163,0
DA:168,0
DA:169,0
DA:173,0
DA:175,0
DA:177,0
DA:181,0
DA:186,0
DA:189,0
DA:191,0
DA:194,0
DA:197,0
DA:202,0
DA:203,0
DA:206,0
DA:208,0
DA:209,0
DA:212,0
DA:213,0
DA:215,0
DA:216,0
DA:218,0
DA:223,0
DA:224,0
DA:227,0
DA:228,0
DA:229,0
DA:230,0
DA:231,0
DA:235,0
DA:236,0
DA:239,0
DA:241,0
DA:243,0
DA:244,0
DA:250,0
DA:254,0
DA:262,0
DA:264,0
DA:267,0
DA:268,0
DA:271,0
DA:274,0
DA:277,0
DA:279,0
DA:280,0
DA:281,0
DA:284,0
DA:295,0
DA:298,0
DA:299,0
DA:300,0
DA:301,0
DA:304,0
DA:306,0
LF:90
LH:0
BRDA:138,0,0,0
BRDA:145,1,0,0
BRDA:173,2,0,0
BRDA:173,3,0,0
BRDA:173,3,1,0
BRDA:189,4,0,0
BRDA:189,4,1,0
BRDA:223,5,0,0
BRDA:232,6,0,0
BRDA:232,6,1,0
BRDA:235,7,0,0
BRDA:262,8,0,0
BRDA:262,9,0,0
BRDA:262,9,1,0
BRDA:277,10,0,0
BRDA:277,10,1,0
BRDA:300,11,0,0
BRF:17
BRH:0
end_of_record
TN:
SF:src/app/platforms/player/pages/matches/matches.page.ts
FN:686,(anonymous_0)
FN:699,(anonymous_1)
FN:707,(anonymous_2)
FN:718,(anonymous_3)
FN:745,(anonymous_4)
FN:747,(anonymous_5)
FN:757,(anonymous_6)
FN:769,(anonymous_7)
FN:776,(anonymous_8)
FN:785,(anonymous_9)
FN:807,(anonymous_10)
FN:823,(anonymous_11)
FN:824,(anonymous_12)
FN:832,(anonymous_13)
[...]
FN:248,(anonymous_0)
FN:267,(anonymous_1)
FN:273,(anonymous_2)
FN:277,(anonymous_3)
FN:281,(anonymous_4)
FN:285,(anonymous_5)
FN:289,(anonymous_6)
FN:293,(anonymous_7)
FN:298,(anonymous_8)
FN:302,(anonymous_9)
FN:306,(anonymous_10)
FN:310,(anonymous_11)
FN:317,(anonymous_12)
FN:321,(anonymous_13)
FN:325,(anonymous_14)
FN:330,(anonymous_15)
FN:334,(anonymous_16)
FN:338,(anonymous_17)
FN:342,(anonymous_18)
FN:346,(anonymous_19)
FN:350,(anonymous_20)
FN:354,(anonymous_21)
FN:358,(anonymous_22)
FN:362,(anonymous_23)
FN:366,(anonymous_24)
FN:370,(anonymous_25)
FN:374,(anonymous_26)
FN:378,(anonymous_27)
FN:383,(anonymous_28)
FN:387,(anonymous_29)
FN:391,(anonymous_30)
FN:395,(anonymous_31)
FN:399,(anonymous_32)
FN:403,(anonymous_33)
FN:407,(anonymous_34)
FN:411,(anonymous_35)
FN:415,(anonymous_36)
FN:420,(anonymous_37)
FN:424,(anonymous_38)
FN:428,(anonymous_39)
FN:433,(anonymous_40)
FN:437,(anonymous_41)
FN:441,(anonymous_42)
FN:445,(anonymous_43)
FN:450,(anonymous_44)
FN:457,(anonymous_45)
FN:464,(anonymous_46)
FN:471,(anonymous_47)
FN:478,(anonymous_48)
FN:485,(anonymous_49)
FNF:50
FNH:0
FNDA:0,(anonymous_0)
FNDA:0,(anonymous_1)
FNDA:0,(anonymous_2)
FNDA:0,(anonymous_3)
FNDA:0,(anonymous_4)
FNDA:0,(anonymous_5)
FNDA:0,(anonymous_6)
FNDA:0,(anonymous_7)
FNDA:0,(anonymous_8)
FNDA:0,(anonymous_9)
FNDA:0,(anonymous_10)
FNDA:0,(anonymous_11)
FNDA:0,(anonymous_12)
FNDA:0,(anonymous_13)
FNDA:0,(anonymous_14)
FNDA:0,(anonymous_15)
FNDA:0,(anonymous_16)
FNDA:0,(anonymous_17)
FNDA:0,(anonymous_18)
FNDA:0,(anonymous_19)
FNDA:0,(anonymous_20)
FNDA:0,(anonymous_21)
FNDA:0,(anonymous_22)
FNDA:0,(anonymous_23)
FNDA:0,(anonymous_24)
FNDA:0,(anonymous_25)
FNDA:0,(anonymous_26)
FNDA:0,(anonymous_27)
FNDA:0,(anonymous_28)
FNDA:0,(anonymous_29)
FNDA:0,(anonymous_30)
FNDA:0,(anonymous_31)
FNDA:0,(anonymous_32)
FNDA:0,(anonymous_33)
FNDA:0,(anonymous_34)
FNDA:0,(anonymous_35)
FNDA:0,(anonymous_36)
FNDA:0,(anonymous_37)
FNDA:0,(anonymous_38)
FNDA:0,(anonymous_39)
FNDA:0,(anonymous_40)
FNDA:0,(anonymous_41)
FNDA:0,(anonymous_42)
FNDA:0,(anonymous_43)
FNDA:0,(anonymous_44)
FNDA:0,(anonymous_45)
FNDA:0,(anonymous_46)
FNDA:0,(anonymous_47)
FNDA:0,(anonymous_48)
FNDA:0,(anonymous_49)
DA:132,0
DA:133,0
DA:134,0
DA:137,0
DA:147,0
DA:156,0
DA:164,0
DA:195,0
DA:248,0
DA:249,0
DA:274,0
DA:278,0
DA:282,0
DA:286,0
DA:290,0
DA:294,0
DA:299,0
DA:303,0
DA:307,0
DA:311,0
DA:312,0
DA:313,0
DA:314,0
DA:318,0
DA:322,0
DA:326,0
DA:331,0
DA:335,0
DA:339,0
DA:343,0
DA:347,0
DA:351,0
DA:355,0
DA:359,0
DA:363,0
DA:367,0
DA:371,0
DA:375,0
DA:379,0
DA:384,0
DA:388,0
DA:392,0
DA:396,0
DA:400,0
DA:404,0
DA:408,0
DA:412,0
DA:416,0
DA:421,0
DA:425,0
DA:429,0
DA:434,0
DA:438,0
DA:442,0
DA:446,0
DA:451,0
DA:458,0
DA:465,0
DA:472,0
DA:479,0
DA:486,0
LF:61
LH:0
BRDA:312,0,0,0
BRDA:313,1,0,0
BRDA:339,2,0,0
BRDA:339,2,1,0
BRDA:351,3,0,0
BRDA:351,3,1,0
BRDA:363,4,0,0
BRDA:363,4,1,0
BRDA:371,5,0,0
BRDA:371,5,1,0
BRDA:375,6,0,0
BRDA:375,6,1,0
BRF:12
BRH:0
end_of_record
TN:
SF:src/app/platforms/super-admin/pages/register/register.page.ts
FN:74,(anonymous_0)
FN:96,(anonymous_1)
FN:100,(anonymous_2)
FN:113,(anonymous_3)
FN:131,(anonymous_4)
FN:137,(anonymous_5)
FN:158,(anonymous_6)
FN:174,(anonymous_7)
FN:199,(anonymous_8)
FN:217,(anonymous_9)
FN:228,(anonymous_10)
FN:252,(anonymous_11)
FN:268,(anonymous_12)
FN:274,(anonymous_13)
FN:279,(anonymous_14)
FN:292,(anonymous_15)
FN:305,(anonymous_16)
FNF:17
FNH:0
FNDA:0,(anonymous_0)
FNDA:0,(anonymous_1)
FNDA:0,(anonymous_2)
FNDA:0,(anonymous_3)
FNDA:0,(anonymous_4)
FNDA:0,(anonymous_5)
FNDA:0,(anonymous_6)
FNDA:0,(anonymous_7)
FNDA:0,(anonymous_8)
FNDA:0,(anonymous_9)
FNDA:0,(anonymous_10)
FNDA:0,(anonymous_11)
FNDA:0,(anonymous_12)
FNDA:0,(anonymous_13)
FNDA:0,(anonymous_14)
FNDA:0,(anonymous_15)
FNDA:0,(anonymous_16)
DA:62,0
DA:64,0
DA:65,0
DA:66,0
DA:75,0
DA:76,0
DA:77,0
DA:78,0
DA:80,0
DA:97,0
DA:101,0
DA:102,0
DA:106,0
DA:107,0
DA:109,0
DA:111,0
DA:113,0
DA:114,0
DA:120,0
DA:121,0
DA:127,0
DA:132,0
DA:138,0
DA:139,0
DA:140,0
DA:142,0
DA:143,0
DA:148,0
DA:157,0
DA:162,0
DA:165,0
DA:172,0
DA:175,0
DA:177,0
DA:182,0
DA:187,0
DA:189,0
DA:194,0
DA:200,0
DA:202,0
DA:210,0
DA:211,0
DA:212,0
DA:213,0
DA:216,0
DA:221,0
DA:223,0
DA:229,0
DA:232,0
DA:236,0
DA:241,0
DA:244,0
DA:248,0
DA:253,0
DA:254,0
DA:257,0
DA:258,0
DA:261,0
DA:262,0
DA:265,0
DA:269,0
DA:270,0
DA:275,0
DA:276,0
DA:280,0
DA:281,0
DA:283,0
DA:284,0
DA:285,0
DA:286,0
DA:287,0
DA:289,0
DA:293,0
DA:301,0
DA:306,0
DA:308,0
LF:76
LH:0
BRDA:109,0,0,0
BRDA:109,0,1,0
BRDA:132,1,0,0
BRDA:132,1,1,0
BRDA:138,2,0,0
BRDA:138,3,0,0
BRDA:138,3,1,0
BRDA:253,4,0,0
BRDA:257,5,0,0
BRDA:261,6,0,0
BRDA:265,7,0,0
BRDA:265,7,1,0
BRDA:276,8,0,0
BRDA:276,8,1,0
BRDA:276,8,2,0
BRDA:276,8,3,0
BRDA:281,9,0,0
BRDA:281,10,0,0
BRDA:281,10,1,0
BRDA:284,11,0,0
BRDA:285,12,0,0
BRDA:286,13,0,0
BRDA:287,14,0,0
BRDA:301,15,0,0
BRDA:301,15,1,0
BRF:25
BRH:0
end_of_record
TN:
SF:src/app/platforms/super-admin/pages/settings/settings.page.ts
FN:182,(anonymous_0)
FN:190,(anonymous_1)
FN:215,(anonymous_2)
FN:222,(anonymous_3)
FN:225,(anonymous_4)
FN:235,(anonymous_5)
FN:256,(anonymous_6)
FN:267,(anonymous_7)
FN:270,(anonymous_8)
FN:285,(anonymous_9)
FN:288,(anonymous_10)
FN:299,(anonymous_11)
FN:321,(anonymous_12)
FNF:13
FNH:0
FNDA:0,(anonymous_0)
FNDA:0,(anonymous_1)
FNDA:0,(anonymous_2)
FNDA:0,(anonymous_3)
FNDA:0,(anonymous_4)
FNDA:0,(anonymous_5)
FNDA:0,(anonymous_6)
FNDA:0,(anonymous_7)
FNDA:0,(anonymous_8)
FNDA:0,(anonymous_9)
FNDA:0,(anonymous_10)
FNDA:0,(anonymous_11)
FNDA:0,(anonymous_12)
DA:127,0
DA:128,0
DA:130,0
DA:137,0
DA:143,0
DA:147,0
DA:156,0
DA:183,0
DA:184,0
DA:185,0
DA:187,0
DA:191,0
DA:192,0
DA:193,0
DA:196,0
DA:197,0
DA:201,0
DA:205,0
DA:206,0
DA:210,0
DA:214,0
DA:215,0
DA:216,0
DA:218,0
DA:223,0
DA:225,0
DA:226,0
DA:231,0
DA:236,0
DA:237,0
DA:241,0
DA:244,0
DA:245,0
DA:246,0
DA:249,0
DA:250,0
DA:251,0
DA:254,0
DA:256,0
DA:257,0
DA:258,0
DA:263,0
DA:268,0
DA:270,0
DA:271,0
DA:272,0
DA:277,0
DA:278,0
DA:286,0
DA:288,0
DA:289,0
DA:290,0
DA:295,0
DA:300,0
DA:302,0
DA:305,0
DA:307,0
DA:311,0
DA:316,0
DA:317,0
DA:322,0
DA:324,0
DA:329,0
LF:63
LH:0
BRDA:192,0,0,0
BRDA:192,1,0,0
BRDA:192,1,1,0
BRDA:196,2,0,0
BRDA:205,3,0,0
BRDA:236,4,0,0
BRDA:244,5,0,0
BRDA:249,6,0,0
BRDA:271,7,0,0
BRDA:271,7,1,0
BRF:10
BRH:0
end_of_record
TN:
SF:src/app/platforms/super-admin/pages/users/users.page.ts
FN:183,(anonymous_0)
FN:215,(anonymous_1)
FN:219,(anonymous_2)
FN:693,(anonymous_3)
FN:699,(anonymous_4)
FN:709,(anonymous_5)
FN:732,(anonymous_6)
FN:743,(anonymous_7)
FN:753,(anonymous_8)
FN:764,(anonymous_9)
FN:774,(anonymous_10)
FN:784,(anonymous_11)
FN:796,(anonymous_12)
FN:797,(anonymous_13)
FN:801,(anonymous_14)
FN:802,(anonymous_15)
FN:811,(anonymous_16)
FN:812,(anonymous_17)
FN:818,(anonymous_18)
FN:821,(anonymous_19)
FN:825,(anonymous_20)
FN:828,(anonymous_21)
FN:832,(anonymous_22)
FN:833,(anonymous_23)
FN:836,(anonymous_24)
FN:837,(anonymous_25)
FN:844,(anonymous_26)
FN:855,(anonymous_27)
FN:866,(anonymous_28)
FN:880,(anonymous_29)
FN:894,(anonymous_30)
FN:906,(anonymous_31)
FN:910,(anonymous_32)
FN:918,(anonymous_33)
FN:925,(anonymous_34)
FN:926,(anonymous_35)
FN:930,(anonymous_36)
FN:931,(anonymous_37)
FN:941,(anonymous_38)
FN:942,(anonymous_39)
FN:948,(anonymous_40)
FN:949,(anonymous_41)
FN:955,(anonymous_42)
FN:956,(anonymous_43)
FN:963,(anonymous_44)
FN:966,(anonymous_45)
FN:970,(anonymous_46)
FN:973,(anonymous_47)
FN:977,(anonymous_48)
FN:981,(anonymous_49)
FN:983,(anonymous_50)
FN:991,(anonymous_51)
FN:1002,(anonymous_52)
FN:1014,(anonymous_53)
FN:1024,(anonymous_54)
FN:1035,(anonymous_55)
FN:1046,(anonymous_56)
FN:1057,(anonymous_57)
FN:1068,(anonymous_58)
FN:1080,(anonymous_59)
FN:1086,(anonymous_60)
FN:1094,(anonymous_61)
FN:1101,(anonymous_62)
FN:1108,(anonymous_63)
FNF:64
FNH:0
FNDA:0,(anonymous_0)
FNDA:0,(anonymous_1)
FNDA:0,(anonymous_2)
FNDA:0,(anonymous_3)
FNDA:0,(anonymous_4)
FNDA:0,(anonymous_5)
FNDA:0,(anonymous_6)
FNDA:0,(anonymous_7)
FNDA:0,(anonymous_8)
FNDA:0,(anonymous_9)
FNDA:0,(anonymous_10)
FNDA:0,(anonymous_11)
FNDA:0,(anonymous_12)
FNDA:0,(anonymous_13)
FNDA:0,(anonymous_14)
FNDA:0,(anonymous_15)
FNDA:0,(anonymous_16)
FNDA:0,(anonymous_17)
FNDA:0,(anonymous_18)
FNDA:0,(anonymous_19)
FNDA:0,(anonymous_20)
FNDA:0,(anonymous_21)
FNDA:0,(anonymous_22)
FNDA:0,(anonymous_23)
FNDA:0,(anonymous_24)
FNDA:0,(anonymous_25)
FNDA:0,(anonymous_26)
FNDA:0,(anonymous_27)
FNDA:0,(anonymous_28)
FNDA:0,(anonymous_29)
FNDA:0,(anonymous_30)
FNDA:0,(anonymous_31)
FNDA:0,(anonymous_32)
FNDA:0,(anonymous_33)
FNDA:0,(anonymous_34)
FNDA:0,(anonymous_35)
FNDA:0,(anonymous_36)
FNDA:0,(anonymous_37)
FNDA:0,(anonymous_38)
FNDA:0,(anonymous_39)
FNDA:0,(anonymous_40)
FNDA:0,(anonymous_41)
FNDA:0,(anonymous_42)
FNDA:0,(anonymous_43)
FNDA:0,(anonymous_44)
FNDA:0,(anonymous_45)
FNDA:0,(anonymous_46)
FNDA:0,(anonymous_47)
FNDA:0,(anonymous_48)
FNDA:0,(anonymous_49)
FNDA:0,(anonymous_50)
FNDA:0,(anonymous_51)
FNDA:0,(anonymous_52)
FNDA:0,(anonymous_53)
FNDA:0,(anonymous_54)
FNDA:0,(anonymous_55)
FNDA:0,(anonymous_56)
FNDA:0,(anonymous_57)
FNDA:0,(anonymous_58)
FNDA:0,(anonymous_59)
FNDA:0,(anonymous_60)
FNDA:0,(anonymous_61)
FNDA:0,(anonymous_62)
FNDA:0,(anonymous_63)
DA:175,0
DA:176,0
DA:177,0
DA:178,0
DA:179,0
DA:180,0
DA:181,0
DA:183,0
DA:184,0
DA:216,0
DA:220,0
DA:690,0
DA:694,0
DA:696,0
DA:697,0
DA:698,0
DA:700,0
DA:706,0
DA:710,0
DA:711,0
DA:715,0
DA:718,0
DA:719,0
DA:720,0
DA:727,0
DA:733,0
DA:734,0
DA:735,0
DA:736,0
DA:737,0
DA:738,0
DA:739,0
DA:744,0
DA:745,0
DA:746,0
DA:747,0
DA:748,0
DA:749,0
DA:754,0
DA:755,0
DA:756,0
DA:757,0
DA:758,0
DA:759,0
DA:760,0
DA:765,0
DA:766,0
DA:767,0
DA:768,0
DA:769,0
DA:770,0
DA:775,0
DA:776,0
DA:777,0
DA:778,0
DA:779,0
DA:780,0
DA:785,0
DA:786,0
DA:787,0
DA:788,0
DA:789,0
DA:790,0
DA:791,0
DA:797,0
DA:798,0
DA:802,0
DA:803,0
DA:812,0
DA:813,0
DA:819,0
DA:820,0
DA:821,0
DA:822,0
DA:826,0
DA:827,0
DA:828,0
DA:829,0
DA:833,0
DA:837,0
DA:838,0
DA:845,0
DA:846,0
DA:851,0
DA:856,0
DA:857,0
DA:862,0
DA:867,0
DA:868,0
DA:869,0
DA:871,0
DA:876,0
DA:881,0
DA:882,0
DA:883,0
DA:885,0
DA:890,0
DA:895,0
DA:896,0
DA:901,0
DA:907,0
DA:911,0
DA:912,0
DA:913,0
DA:914,0
DA:915,0
DA:919,0
DA:920,0
DA:921,0
DA:926,0
DA:927,0
DA:931,0
DA:932,0
DA:942,0
DA:943,0
DA:949,0
DA:950,0
DA:956,0
DA:957,0
DA:964,0
DA:965,0
DA:966,0
DA:967,0
DA:971,0
DA:972,0
DA:973,0
DA:974,0
DA:978,0
DA:982,0
DA:983,0
DA:984,0
DA:987,0
DA:992,0
DA:993,0
DA:994,0
DA:995,0
DA:996,0
DA:997,0
DA:998,0
DA:1003,0
DA:1004,0
DA:1005,0
DA:1006,0
DA:1007,0
DA:1008,0
DA:1009,0
DA:1010,0
DA:1015,0
DA:1016,0
DA:1017,0
DA:1018,0
DA:1019,0
DA:1020,0
DA:1025,0
DA:1026,0
DA:1027,0
DA:1028,0
DA:1029,0
DA:1030,0
DA:1036,0
DA:1037,0
DA:1042,0
DA:1047,0
DA:1048,0
DA:1053,0
DA:1058,0
DA:1059,0
DA:1064,0
DA:1069,0
DA:1070,0
DA:1075,0
DA:1081,0
DA:1082,0
DA:1083,0
DA:1087,0
DA:1088,0
DA:1089,0
DA:1090,0
DA:1091,0
DA:1095,0
DA:1096,0
DA:1097,0
DA:1098,0
DA:1102,0
DA:1103,0
DA:1104,0
DA:1105,0
DA:1109,0
LF:188
LH:0
BRDA:696,0,0,0
BRDA:700,1,0,0
BRDA:700,1,1,0
BRDA:700,1,2,0
BRDA:710,2,0,0
BRDA:719,3,0,0
BRDA:719,3,1,0
BRDA:722,4,0,0
BRDA:722,4,1,0
BRDA:733,5,0,0
BRDA:733,5,1,0
BRDA:733,5,2,0
BRDA:733,5,3,0
BRDA:733,5,4,0
BRDA:733,5,5,0
BRDA:744,6,0,0
BRDA:744,6,1,0
BRDA:744,6,2,0
BRDA:744,6,3,0
BRDA:744,6,4,0
BRDA:754,7,0,0
BRDA:754,7,1,0
BRDA:754,7,2,0
BRDA:754,7,3,0
BRDA:754,7,4,0
BRDA:754,7,5,0
BRDA:765,8,0,0
BRDA:765,8,1,0
BRDA:765,8,2,0
BRDA:765,8,3,0
BRDA:765,8,4,0
BRDA:775,9,0,0
BRDA:775,9,1,0
BRDA:775,9,2,0
BRDA:775,9,3,0
BRDA:775,9,4,0
BRDA:785,10,0,0
BRDA:785,10,1,0
BRDA:785,10,2,0
BRDA:785,10,3,0
BRDA:785,10,4,0
BRDA:785,10,5,0
BRDA:803,11,0,0
BRDA:803,11,1,0
BRDA:803,11,2,0
BRDA:803,11,3,0
BRDA:803,11,4,0
BRDA:803,11,5,0
BRDA:813,12,0,0
BRDA:813,12,1,0
BRDA:813,12,2,0
BRDA:820,13,0,0
BRDA:821,14,0,0
BRDA:821,14,1,0
BRDA:827,15,0,0
BRDA:828,16,0,0
BRDA:828,16,1,0
BRDA:833,17,0,0
BRDA:833,17,1,0
BRDA:838,18,0,0
BRDA:838,18,1,0
BRDA:868,19,0,0
BRDA:882,20,0,0
BRDA:911,21,0,0
BRDA:913,22,0,0
BRDA:919,23,0,0
BRDA:932,24,0,0
BRDA:932,24,1,0
BRDA:932,24,2,0
BRDA:932,24,3,0
BRDA:932,24,4,0
BRDA:932,24,5,0
BRDA:943,25,0,0
BRDA:943,25,1,0
BRDA:943,25,2,0
BRDA:950,26,0,0
BRDA:950,26,1,0
BRDA:950,26,2,0
BRDA:957,27,0,0
BRDA:957,27,1,0
BRDA:957,27,2,0
BRDA:965,28,0,0
BRDA:966,29,0,0
BRDA:966,29,1,0
BRDA:972,30,0,0
BRDA:973,31,0,0
BRDA:973,31,1,0
BRDA:984,32,0,0
BRDA:984,32,1,0
BRDA:987,33,0,0
BRDA:987,33,1,0
BRDA:992,34,0,0
BRDA:992,34,1,0
BRDA:992,34,2,0
BRDA:992,34,3,0
BRDA:992,34,4,0
BRDA:992,34,5,0
BRDA:1003,35,0,0
BRDA:1003,35,1,0
BRDA:1003,35,2,0
BRDA:1003,35,3,0
BRDA:1003,35,4,0
BRDA:1003,35,5,0
BRDA:1003,35,6,0
BRDA:1015,36,0,0
BRDA:1015,36,1,0
BRDA:1015,36,2,0
BRDA:1015,36,3,0
BRDA:1015,36,4,0
BRDA:1025,37,0,0
BRDA:1025,37,1,0
BRDA:1025,37,2,0
BRDA:1025,37,3,0
BRDA:1025,37,4,0
BRDA:1081,38,0,0
BRDA:1082,39,0,0
BRDA:1087,40,0,0
BRDA:1089,41,0,0
BRDA:1095,42,0,0
BRDA:1098,43,0,0
BRDA:1098,43,1,0
BRDA:1102,44,0,0
BRDA:1102,44,1,0
BRDA:1103,45,0,0
BRDA:1104,46,0,0
BRDA:1109,47,0,0
BRDA:1109,47,1,0
BRF:127
BRH:0
end_of_record
TN:
SF:src/app/platforms/super-admin/services/toast.service.ts
FN:8,(anonymous_0)
FN:10,(anonymous_1)
FNF:2
FNH:0
FNDA:0,(anonymous_0)
FNDA:0,(anonymous_1)
DA:7,0
DA:8,0
DA:11,0
DA:23,0
LF:4
LH:0
BRDA:15,0,0,0
BRDA:15,0,1,0
BRDA:17,1,0,0
BRDA:17,1,1,0
BRF:4
BRH:0
end_of_record
TN:
SF:src/app/platforms/welcome/welcome.page.ts
FN:88,(anonymous_0)
FN:104,(anonymous_1)
FN:127,(anonymous_2)
FN:139,(anonymous_3)
FN:151,(anonymous_4)
FN:158,(anonymous_5)
FNF:6
FNH:5
FNDA:21,(anonymous_0)
FNDA:21,(anonymous_1)
FNDA:4,(anonymous_2)
FNDA:3,(anonymous_3)
FNDA:1,(anonymous_4)
FNDA:0,(anonymous_5)
DA:1,1
DA:2,1
DA:3,1
DA:19,1
DA:20,1
DA:21,1
DA:30,1
DA:31,1
DA:56,1
DA:57,21
DA:75,21
DA:89,21
DA:90,21
DA:91,21
DA:93,21
DA:106,21
DA:107,21
DA:108,0
DA:109,0
DA:113,21
DA:114,21
DA:115,21
DA:118,21
DA:120,0
DA:123,0
DA:130,4
DA:142,3
DA:154,1
DA:155,1
DA:158,0
DA:159,0
LF:31
LH:25
BRDA:107,0,0,0
BRDA:118,1,0,0
BRDA:118,2,0,21
BRDA:118,2,1,0
BRF:4
BRH:1
end_of_record
TN:
SF:src/app/platforms/welcome/welcome.routes.ts
FN:6,(anonymous_0)
FN:6,(anonymous_1)
FNF:2
FNH:0
FNDA:0,(anonymous_0)
FNDA:0,(anonymous_1)
DA:3,0
DA:6,0
LF:2
LH:0
BRF:0
BRH:0
end_of_record
TN:
SF:src/app/services/supabase.service.ts
FN:82,(anonymous_0)
FN:94,(anonymous_1)
FN:102,(anonymous_2)
FN:109,(anonymous_3)
FN:128,(anonymous_4)
FN:146,(anonymous_5)
FN:161,(anonymous_6)
FN:186,(anonymous_7)
FN:190,(anonymous_8)
FN:194,(anonymous_9)
FN:198,(anonymous_10)
FN:202,(anonymous_11)
FN:206,(anonymous_12)
FN:210,(anonymous_13)
FN:249,(anonymous_15)
FN:265,(anonymous_16)
FN:275,(anonymous_17)
FN:284,(anonymous_18)
FN:287,(anonymous_19)
FN:298,(anonymous_20)
FN:311,(anonymous_21)
FN:334,(anonymous_22)
FN:415,(anonymous_23)
FN:442,(anonymous_24)
FN:467,(anonymous_25)
FN:483,(anonymous_26)
FN:517,(anonymous_27)
FN:526,(anonymous_28)
FN:542,(anonymous_29)
FN:591,(anonymous_30)
FN:606,(anonymous_31)
FN:622,(anonymous_32)
FN:638,(anonymous_33)
FN:650,(anonymous_34)
FN:660,(anonymous_35)
FN:673,(anonymous_36)
FN:687,(anonymous_37)
FN:726,(anonymous_38)
FN:736,(anonymous_39)
FNF:39
FNH:4
FNDA:21,(anonymous_0)
FNDA:105,(anonymous_1)
FNDA:0,(anonymous_2)
FNDA:0,(anonymous_3)
FNDA:21,(anonymous_4)
FNDA:21,(anonymous_5)
FNDA:0,(anonymous_6)
FNDA:0,(anonymous_7)
FNDA:0,(anonymous_8)
FNDA:0,(anonymous_9)
FNDA:0,(anonymous_10)
FNDA:0,(anonymous_11)
FNDA:0,(anonymous_12)
FNDA:0,(anonymous_13)
FNDA:0,(anonymous_15)
FNDA:0,(anonymous_16)
FNDA:0,(anonymous_17)
FNDA:0,(anonymous_18)
FNDA:0,(anonymous_19)
FNDA:0,(anonymous_20)
FNDA:0,(anonymous_21)
FNDA:0,(anonymous_22)
FNDA:0,(anonymous_23)
FNDA:0,(anonymous_24)
FNDA:0,(anonymous_25)
FNDA:0,(anonymous_26)
FNDA:0,(anonymous_27)
FNDA:0,(anonymous_28)
FNDA:0,(anonymous_29)
FNDA:0,(anonymous_30)
FNDA:0,(anonymous_31)
FNDA:0,(anonymous_32)
FNDA:0,(anonymous_33)
FNDA:0,(anonymous_34)
FNDA:0,(anonymous_35)
FNDA:0,(anonymous_36)
FNDA:0,(anonymous_37)
FNDA:0,(anonymous_38)
FNDA:0,(anonymous_39)
DA:1,12
DA:2,12
DA:3,12
DA:4,12
DA:6,12
DA:76,12
DA:78,21
DA:79,21
DA:80,21
DA:82,21
DA:84,21
DA:85,21
DA:95,105
DA:96,105
DA:98,0
DA:99,0
DA:103,0
DA:104,0
DA:106,0
DA:110,0
DA:111,0
DA:113,0
DA:122,21
DA:124,0
DA:129,21
DA:130,0
DA:131,0
DA:134,21
DA:136,21
DA:137,21
DA:138,21
DA:141,21
DA:142,0
DA:146,21
DA:147,21
DA:148,21
DA:150,21
DA:151,0
DA:153,21
DA:157,0
DA:162,0
DA:163,0
DA:164,0
DA:167,0
DA:168,0
DA:174,0
DA:175,0
DA:176,0
DA:179,0
DA:181,0
DA:187,0
DA:191,0
DA:195,0
DA:199,0
DA:203,0
DA:207,0
DA:211,0
DA:221,0
DA:223,0
DA:225,0
DA:234,0
DA:235,0
DA:236,0
DA:240,0
DA:242,0
DA:250,0
DA:254,0
DA:256,0
DA:257,0
DA:266,0
DA:267,0
DA:270,0
DA:272,0
DA:275,0
DA:276,0
DA:283,0
DA:284,0
DA:287,0
DA:290,0
DA:291,0
DA:292,0
DA:294,0
DA:298,0
DA:300,0
DA:303,0
DA:306,0
DA:312,0
DA:313,0
DA:316,0
DA:317,0
DA:318,0
DA:321,0
DA:324,0
DA:325,0
DA:326,0
DA:328,0
DA:330,0
DA:332,0
DA:333,0
DA:334,0
DA:337,0
DA:340,0
DA:345,0
DA:346,0
DA:347,0
DA:349,0
DA:350,0
DA:351,0
DA:354,0
DA:355,0
DA:358,0
DA:359,0
DA:362,0
DA:366,0
DA:367,0
DA:368,0
DA:372,0
DA:374,0
DA:375,0
DA:376,0
DA:377,0
DA:383,0
DA:384,0
DA:385,0
DA:400,0
DA:405,0
DA:411,0
DA:412,0
DA:416,0
DA:418,0
DA:419,0
DA:420,0
DA:423,0
DA:424,0
DA:425,0
DA:426,0
DA:427,0
DA:431,0
DA:436,0
DA:437,0
DA:438,0
DA:443,0
DA:444,0
DA:455,0
DA:456,0
DA:457,0
DA:460,0
DA:462,0
DA:463,0
DA:468,0
DA:478,0
DA:479,0
DA:484,0
DA:485,0
DA:495,0
DA:496,0
DA:497,0
DA:501,0
DA:502,0
DA:508,0
DA:509,0
DA:511,0
DA:512,0
DA:518,0
DA:519,0
DA:520,0
DA:521,0
DA:527,0
DA:538,0
DA:539,0
DA:544,0
DA:550,0
DA:553,0
DA:560,0
DA:561,0
DA:565,0
DA:576,0
DA:579,0
DA:587,0
DA:592,0
DA:602,0
DA:603,0
DA:607,0
DA:617,0
DA:618,0
DA:623,0
DA:628,0
DA:629,0
DA:632,0
DA:633,0
DA:634,0
DA:639,0
DA:645,0
DA:646,0
DA:651,0
DA:661,0
DA:675,0
DA:676,0
DA:680,0
DA:688,0
DA:689,0
DA:692,0
DA:693,0
DA:694,0
DA:695,0
DA:696,0
DA:698,0
DA:699,0
DA:700,0
DA:704,0
DA:709,0
DA:710,0
DA:711,0
DA:714,0
DA:715,0
DA:718,0
DA:719,0
DA:727,0
DA:729,0
DA:730,0
DA:737,0
DA:738,0
DA:741,0
DA:742,0
LF:224
LH:26
BRDA:129,0,0,0
BRDA:138,1,0,21
BRDA:138,1,1,21
BRDA:141,2,0,0
BRDA:148,3,0,21
BRDA:148,3,1,21
BRDA:150,4,0,0
BRDA:150,4,1,21
BRDA:162,5,0,0
BRDA:174,6,0,0
BRDA:223,7,0,0
BRDA:223,7,1,0
BRDA:234,8,0,0
BRDA:240,9,0,0
BRDA:270,10,0,0
BRDA:270,10,1,0
BRDA:270,11,0,0
BRDA:270,11,1,0
BRDA:276,12,0,0
BRDA:276,12,1,0
BRDA:276,12,2,0
BRDA:276,12,3,0
BRDA:283,13,0,0
BRDA:283,13,1,0
BRDA:283,14,0,0
BRDA:283,14,1,0
BRDA:312,15,0,0
BRDA:328,16,0,0
BRDA:349,17,0,0
BRDA:362,18,0,0
BRDA:362,18,1,0
BRDA:362,18,2,0
BRDA:366,19,0,0
BRDA:366,20,0,0
BRDA:366,20,1,0
BRDA:372,21,0,0
BRDA:372,22,0,0
BRDA:372,22,1,0
BRDA:374,23,0,0
BRDA:383,24,0,0
BRDA:383,25,0,0
BRDA:383,25,1,0
BRDA:423,26,0,0
BRDA:425,27,0,0
BRDA:455,28,0,0
BRDA:478,29,0,0
BRDA:495,30,0,0
BRDA:501,31,0,0
BRDA:519,32,0,0
BRDA:538,33,0,0
BRDA:550,34,0,0
BRDA:560,35,0,0
BRDA:576,36,0,0
BRDA:602,37,0,0
BRDA:617,38,0,0
BRDA:628,39,0,0
BRDA:633,40,0,0
BRDA:645,41,0,0
BRDA:675,42,0,0
BRDA:675,43,0,0
BRDA:675,43,1,0
BRDA:698,44,0,0
BRDA:698,45,0,0
BRDA:698,45,1,0
BRDA:709,46,0,0
BRDA:727,47,0,0
BRDA:730,48,0,0
BRDA:730,48,1,0
BRDA:737,49,0,0
BRF:69
BRH:5
end_of_record
TN:
SF:src/app/shared/components/match-predictions/match-predictions.component.ts
FN:165,(anonymous_0)
FN:169,(anonymous_1)
FN:181,(anonymous_2)
FN:186,(anonymous_3)
FN:195,(anonymous_4)
FN:202,(anonymous_5)
FNF:6
FNH:0
FNDA:0,(anonymous_0)
FNDA:0,(anonymous_1)
FNDA:0,(anonymous_2)
FNDA:0,(anonymous_3)
FNDA:0,(anonymous_4)
FNDA:0,(anonymous_5)
DA:158,0
DA:159,0
DA:160,0
DA:161,0
DA:163,0
DA:166,0
DA:170,0
DA:171,0
DA:178,0
DA:187,0
DA:188,0
DA:189,0
DA:191,0
DA:196,0
DA:197,0
DA:203,0
DA:205,0
DA:207,0
DA:209,0
DA:211,0
LF:20
LH:0
BRDA:170,0,0,0
BRDA:188,1,0,0
BRDA:197,2,0,0
BRDA:197,2,1,0
BRDA:198,3,0,0
BRDA:198,3,1,0
BRDA:203,4,0,0
BRDA:203,4,1,0
BRDA:203,4,2,0
BRDA:203,4,3,0
BRF:10
BRH:0
end_of_record
TN:
SF:src/app/shared/components/user-greeting/user-greeting.component.ts
FN:89,(anonymous_0)
FN:93,(anonymous_1)
FNF:2
FNH:0
FNDA:0,(anonymous_0)
FNDA:0,(anonymous_1)
DA:86,0
DA:87,0
DA:89,0
DA:90,0
DA:94,0
LF:5
LH:0
BRF:0
BRH:0
end_of_record
